The system is: Linux - 4.10.0-42-generic - x86_64
Compiling the C compiler identification source file "CMakeCCompilerId.c" succeeded.
Compiler: /usr/bin/cc 
Build flags: 
Id flags: 

The output was:
0


Compilation of the C compiler identification source "CMakeCCompilerId.c" produced "a.out"

The C compiler identification is GNU, found in "/home/FE/pilz/working/srsLTE/debug/CMakeFiles/3.5.1/CompilerIdC/a.out"

Compiling the CXX compiler identification source file "CMakeCXXCompilerId.cpp" succeeded.
Compiler: /usr/bin/c++ 
Build flags: 
Id flags: 

The output was:
0


Compilation of the CXX compiler identification source "CMakeCXXCompilerId.cpp" produced "a.out"

The CXX compiler identification is GNU, found in "/home/FE/pilz/working/srsLTE/debug/CMakeFiles/3.5.1/CompilerIdCXX/a.out"

Determining if the C compiler works passed with the following output:
Change Dir: /home/FE/pilz/working/srsLTE/debug/CMakeFiles/CMakeTmp

Run Build Command:"/usr/bin/make" "cmTC_72816/fast"
/usr/bin/make -f CMakeFiles/cmTC_72816.dir/build.make CMakeFiles/cmTC_72816.dir/build
make[1]: Entering directory '/home/FE/pilz/working/srsLTE/debug/CMakeFiles/CMakeTmp'
Building C object CMakeFiles/cmTC_72816.dir/testCCompiler.c.o
/usr/bin/cc     -o CMakeFiles/cmTC_72816.dir/testCCompiler.c.o   -c /home/FE/pilz/working/srsLTE/debug/CMakeFiles/CMakeTmp/testCCompiler.c
Linking C executable cmTC_72816
/usr/bin/cmake -E cmake_link_script CMakeFiles/cmTC_72816.dir/link.txt --verbose=1
/usr/bin/cc       CMakeFiles/cmTC_72816.dir/testCCompiler.c.o  -o cmTC_72816 -rdynamic 
make[1]: Leaving directory '/home/FE/pilz/working/srsLTE/debug/CMakeFiles/CMakeTmp'


Detecting C compiler ABI info compiled with the following output:
Change Dir: /home/FE/pilz/working/srsLTE/debug/CMakeFiles/CMakeTmp

Run Build Command:"/usr/bin/make" "cmTC_50d4f/fast"
/usr/bin/make -f CMakeFiles/cmTC_50d4f.dir/build.make CMakeFiles/cmTC_50d4f.dir/build
make[1]: Entering directory '/home/FE/pilz/working/srsLTE/debug/CMakeFiles/CMakeTmp'
Building C object CMakeFiles/cmTC_50d4f.dir/CMakeCCompilerABI.c.o
/usr/bin/cc     -o CMakeFiles/cmTC_50d4f.dir/CMakeCCompilerABI.c.o   -c /usr/share/cmake-3.5/Modules/CMakeCCompilerABI.c
Linking C executable cmTC_50d4f
/usr/bin/cmake -E cmake_link_script CMakeFiles/cmTC_50d4f.dir/link.txt --verbose=1
/usr/bin/cc      -v CMakeFiles/cmTC_50d4f.dir/CMakeCCompilerABI.c.o  -o cmTC_50d4f -rdynamic  
Using built-in specs.
COLLECT_GCC=/usr/bin/cc
COLLECT_LTO_WRAPPER=/usr/lib/gcc/x86_64-linux-gnu/5/lto-wrapper
Target: x86_64-linux-gnu
Configured with: ../src/configure -v --with-pkgversion='Ubuntu 5.4.0-6ubuntu1~16.04.10' --with-bugurl=file:///usr/share/doc/gcc-5/README.Bugs --enable-languages=c,ada,c++,java,go,d,fortran,objc,obj-c++ --prefix=/usr --program-suffix=-5 --enable-shared --enable-linker-build-id --libexecdir=/usr/lib --without-included-gettext --enable-threads=posix --libdir=/usr/lib --enable-nls --with-sysroot=/ --enable-clocale=gnu --enable-libstdcxx-debug --enable-libstdcxx-time=yes --with-default-libstdcxx-abi=new --enable-gnu-unique-object --disable-vtable-verify --enable-libmpx --enable-plugin --with-system-zlib --disable-browser-plugin --enable-java-awt=gtk --enable-gtk-cairo --with-java-home=/usr/lib/jvm/java-1.5.0-gcj-5-amd64/jre --enable-java-home --with-jvm-root-dir=/usr/lib/jvm/java-1.5.0-gcj-5-amd64 --with-jvm-jar-dir=/usr/lib/jvm-exports/java-1.5.0-gcj-5-amd64 --with-arch-directory=amd64 --with-ecj-jar=/usr/share/java/eclipse-ecj.jar --enable-objc-gc --enable-multiarch --disable-werror --with-arch-32=i686 --with-abi=m64 --with-multilib-list=m32,m64,mx32 --enable-multilib --with-tune=generic --enable-checking=release --build=x86_64-linux-gnu --host=x86_64-linux-gnu --target=x86_64-linux-gnu
Thread model: posix
gcc version 5.4.0 20160609 (Ubuntu 5.4.0-6ubuntu1~16.04.10) 
COMPILER_PATH=/usr/lib/gcc/x86_64-linux-gnu/5/:/usr/lib/gcc/x86_64-linux-gnu/5/:/usr/lib/gcc/x86_64-linux-gnu/:/usr/lib/gcc/x86_64-linux-gnu/5/:/usr/lib/gcc/x86_64-linux-gnu/
LIBRARY_PATH=/usr/lib/gcc/x86_64-linux-gnu/5/:/usr/lib/gcc/x86_64-linux-gnu/5/../../../x86_64-linux-gnu/:/usr/lib/gcc/x86_64-linux-gnu/5/../../../../lib/:/lib/x86_64-linux-gnu/:/lib/../lib/:/usr/lib/x86_64-linux-gnu/:/usr/lib/../lib/:/usr/lib/gcc/x86_64-linux-gnu/5/../../../:/lib/:/usr/lib/
COLLECT_GCC_OPTIONS='-v' '-o' 'cmTC_50d4f' '-rdynamic' '-mtune=generic' '-march=x86-64'
 /usr/lib/gcc/x86_64-linux-gnu/5/collect2 -plugin /usr/lib/gcc/x86_64-linux-gnu/5/liblto_plugin.so -plugin-opt=/usr/lib/gcc/x86_64-linux-gnu/5/lto-wrapper -plugin-opt=-fresolution=/tmp/ccSvrBvP.res -plugin-opt=-pass-through=-lgcc -plugin-opt=-pass-through=-lgcc_s -plugin-opt=-pass-through=-lc -plugin-opt=-pass-through=-lgcc -plugin-opt=-pass-through=-lgcc_s --sysroot=/ --build-id --eh-frame-hdr -m elf_x86_64 --hash-style=gnu --as-needed -export-dynamic -dynamic-linker /lib64/ld-linux-x86-64.so.2 -z relro -o cmTC_50d4f /usr/lib/gcc/x86_64-linux-gnu/5/../../../x86_64-linux-gnu/crt1.o /usr/lib/gcc/x86_64-linux-gnu/5/../../../x86_64-linux-gnu/crti.o /usr/lib/gcc/x86_64-linux-gnu/5/crtbegin.o -L/usr/lib/gcc/x86_64-linux-gnu/5 -L/usr/lib/gcc/x86_64-linux-gnu/5/../../../x86_64-linux-gnu -L/usr/lib/gcc/x86_64-linux-gnu/5/../../../../lib -L/lib/x86_64-linux-gnu -L/lib/../lib -L/usr/lib/x86_64-linux-gnu -L/usr/lib/../lib -L/usr/lib/gcc/x86_64-linux-gnu/5/../../.. CMakeFiles/cmTC_50d4f.dir/CMakeCCompilerABI.c.o -lgcc --as-needed -lgcc_s --no-as-needed -lc -lgcc --as-needed -lgcc_s --no-as-needed /usr/lib/gcc/x86_64-linux-gnu/5/crtend.o /usr/lib/gcc/x86_64-linux-gnu/5/../../../x86_64-linux-gnu/crtn.o
make[1]: Leaving directory '/home/FE/pilz/working/srsLTE/debug/CMakeFiles/CMakeTmp'


Parsed C implicit link information from above output:
  link line regex: [^( *|.*[/\])(ld|([^/\]+-)?ld|collect2)[^/\]*( |$)]
  ignore line: [Change Dir: /home/FE/pilz/working/srsLTE/debug/CMakeFiles/CMakeTmp]
  ignore line: []
  ignore line: [Run Build Command:"/usr/bin/make" "cmTC_50d4f/fast"]
  ignore line: [/usr/bin/make -f CMakeFiles/cmTC_50d4f.dir/build.make CMakeFiles/cmTC_50d4f.dir/build]
  ignore line: [make[1]: Entering directory '/home/FE/pilz/working/srsLTE/debug/CMakeFiles/CMakeTmp']
  ignore line: [Building C object CMakeFiles/cmTC_50d4f.dir/CMakeCCompilerABI.c.o]
  ignore line: [/usr/bin/cc     -o CMakeFiles/cmTC_50d4f.dir/CMakeCCompilerABI.c.o   -c /usr/share/cmake-3.5/Modules/CMakeCCompilerABI.c]
  ignore line: [Linking C executable cmTC_50d4f]
  ignore line: [/usr/bin/cmake -E cmake_link_script CMakeFiles/cmTC_50d4f.dir/link.txt --verbose=1]
  ignore line: [/usr/bin/cc      -v CMakeFiles/cmTC_50d4f.dir/CMakeCCompilerABI.c.o  -o cmTC_50d4f -rdynamic  ]
  ignore line: [Using built-in specs.]
  ignore line: [COLLECT_GCC=/usr/bin/cc]
  ignore line: [COLLECT_LTO_WRAPPER=/usr/lib/gcc/x86_64-linux-gnu/5/lto-wrapper]
  ignore line: [Target: x86_64-linux-gnu]
  ignore line: [Configured with: ../src/configure -v --with-pkgversion='Ubuntu 5.4.0-6ubuntu1~16.04.10' --with-bugurl=file:///usr/share/doc/gcc-5/README.Bugs --enable-languages=c,ada,c++,java,go,d,fortran,objc,obj-c++ --prefix=/usr --program-suffix=-5 --enable-shared --enable-linker-build-id --libexecdir=/usr/lib --without-included-gettext --enable-threads=posix --libdir=/usr/lib --enable-nls --with-sysroot=/ --enable-clocale=gnu --enable-libstdcxx-debug --enable-libstdcxx-time=yes --with-default-libstdcxx-abi=new --enable-gnu-unique-object --disable-vtable-verify --enable-libmpx --enable-plugin --with-system-zlib --disable-browser-plugin --enable-java-awt=gtk --enable-gtk-cairo --with-java-home=/usr/lib/jvm/java-1.5.0-gcj-5-amd64/jre --enable-java-home --with-jvm-root-dir=/usr/lib/jvm/java-1.5.0-gcj-5-amd64 --with-jvm-jar-dir=/usr/lib/jvm-exports/java-1.5.0-gcj-5-amd64 --with-arch-directory=amd64 --with-ecj-jar=/usr/share/java/eclipse-ecj.jar --enable-objc-gc --enable-multiarch --disable-werror --with-arch-32=i686 --with-abi=m64 --with-multilib-list=m32,m64,mx32 --enable-multilib --with-tune=generic --enable-checking=release --build=x86_64-linux-gnu --host=x86_64-linux-gnu --target=x86_64-linux-gnu]
  ignore line: [Thread model: posix]
  ignore line: [gcc version 5.4.0 20160609 (Ubuntu 5.4.0-6ubuntu1~16.04.10) ]
  ignore line: [COMPILER_PATH=/usr/lib/gcc/x86_64-linux-gnu/5/:/usr/lib/gcc/x86_64-linux-gnu/5/:/usr/lib/gcc/x86_64-linux-gnu/:/usr/lib/gcc/x86_64-linux-gnu/5/:/usr/lib/gcc/x86_64-linux-gnu/]
  ignore line: [LIBRARY_PATH=/usr/lib/gcc/x86_64-linux-gnu/5/:/usr/lib/gcc/x86_64-linux-gnu/5/../../../x86_64-linux-gnu/:/usr/lib/gcc/x86_64-linux-gnu/5/../../../../lib/:/lib/x86_64-linux-gnu/:/lib/../lib/:/usr/lib/x86_64-linux-gnu/:/usr/lib/../lib/:/usr/lib/gcc/x86_64-linux-gnu/5/../../../:/lib/:/usr/lib/]
  ignore line: [COLLECT_GCC_OPTIONS='-v' '-o' 'cmTC_50d4f' '-rdynamic' '-mtune=generic' '-march=x86-64']
  link line: [ /usr/lib/gcc/x86_64-linux-gnu/5/collect2 -plugin /usr/lib/gcc/x86_64-linux-gnu/5/liblto_plugin.so -plugin-opt=/usr/lib/gcc/x86_64-linux-gnu/5/lto-wrapper -plugin-opt=-fresolution=/tmp/ccSvrBvP.res -plugin-opt=-pass-through=-lgcc -plugin-opt=-pass-through=-lgcc_s -plugin-opt=-pass-through=-lc -plugin-opt=-pass-through=-lgcc -plugin-opt=-pass-through=-lgcc_s --sysroot=/ --build-id --eh-frame-hdr -m elf_x86_64 --hash-style=gnu --as-needed -export-dynamic -dynamic-linker /lib64/ld-linux-x86-64.so.2 -z relro -o cmTC_50d4f /usr/lib/gcc/x86_64-linux-gnu/5/../../../x86_64-linux-gnu/crt1.o /usr/lib/gcc/x86_64-linux-gnu/5/../../../x86_64-linux-gnu/crti.o /usr/lib/gcc/x86_64-linux-gnu/5/crtbegin.o -L/usr/lib/gcc/x86_64-linux-gnu/5 -L/usr/lib/gcc/x86_64-linux-gnu/5/../../../x86_64-linux-gnu -L/usr/lib/gcc/x86_64-linux-gnu/5/../../../../lib -L/lib/x86_64-linux-gnu -L/lib/../lib -L/usr/lib/x86_64-linux-gnu -L/usr/lib/../lib -L/usr/lib/gcc/x86_64-linux-gnu/5/../../.. CMakeFiles/cmTC_50d4f.dir/CMakeCCompilerABI.c.o -lgcc --as-needed -lgcc_s --no-as-needed -lc -lgcc --as-needed -lgcc_s --no-as-needed /usr/lib/gcc/x86_64-linux-gnu/5/crtend.o /usr/lib/gcc/x86_64-linux-gnu/5/../../../x86_64-linux-gnu/crtn.o]
    arg [/usr/lib/gcc/x86_64-linux-gnu/5/collect2] ==> ignore
    arg [-plugin] ==> ignore
    arg [/usr/lib/gcc/x86_64-linux-gnu/5/liblto_plugin.so] ==> ignore
    arg [-plugin-opt=/usr/lib/gcc/x86_64-linux-gnu/5/lto-wrapper] ==> ignore
    arg [-plugin-opt=-fresolution=/tmp/ccSvrBvP.res] ==> ignore
    arg [-plugin-opt=-pass-through=-lgcc] ==> ignore
    arg [-plugin-opt=-pass-through=-lgcc_s] ==> ignore
    arg [-plugin-opt=-pass-through=-lc] ==> ignore
    arg [-plugin-opt=-pass-through=-lgcc] ==> ignore
    arg [-plugin-opt=-pass-through=-lgcc_s] ==> ignore
    arg [--sysroot=/] ==> ignore
    arg [--build-id] ==> ignore
    arg [--eh-frame-hdr] ==> ignore
    arg [-m] ==> ignore
    arg [elf_x86_64] ==> ignore
    arg [--hash-style=gnu] ==> ignore
    arg [--as-needed] ==> ignore
    arg [-export-dynamic] ==> ignore
    arg [-dynamic-linker] ==> ignore
    arg [/lib64/ld-linux-x86-64.so.2] ==> ignore
    arg [-zrelro] ==> ignore
    arg [-o] ==> ignore
    arg [cmTC_50d4f] ==> ignore
    arg [/usr/lib/gcc/x86_64-linux-gnu/5/../../../x86_64-linux-gnu/crt1.o] ==> ignore
    arg [/usr/lib/gcc/x86_64-linux-gnu/5/../../../x86_64-linux-gnu/crti.o] ==> ignore
    arg [/usr/lib/gcc/x86_64-linux-gnu/5/crtbegin.o] ==> ignore
    arg [-L/usr/lib/gcc/x86_64-linux-gnu/5] ==> dir [/usr/lib/gcc/x86_64-linux-gnu/5]
    arg [-L/usr/lib/gcc/x86_64-linux-gnu/5/../../../x86_64-linux-gnu] ==> dir [/usr/lib/gcc/x86_64-linux-gnu/5/../../../x86_64-linux-gnu]
    arg [-L/usr/lib/gcc/x86_64-linux-gnu/5/../../../../lib] ==> dir [/usr/lib/gcc/x86_64-linux-gnu/5/../../../../lib]
    arg [-L/lib/x86_64-linux-gnu] ==> dir [/lib/x86_64-linux-gnu]
    arg [-L/lib/../lib] ==> dir [/lib/../lib]
    arg [-L/usr/lib/x86_64-linux-gnu] ==> dir [/usr/lib/x86_64-linux-gnu]
    arg [-L/usr/lib/../lib] ==> dir [/usr/lib/../lib]
    arg [-L/usr/lib/gcc/x86_64-linux-gnu/5/../../..] ==> dir [/usr/lib/gcc/x86_64-linux-gnu/5/../../..]
    arg [CMakeFiles/cmTC_50d4f.dir/CMakeCCompilerABI.c.o] ==> ignore
    arg [-lgcc] ==> lib [gcc]
    arg [--as-needed] ==> ignore
    arg [-lgcc_s] ==> lib [gcc_s]
    arg [--no-as-needed] ==> ignore
    arg [-lc] ==> lib [c]
    arg [-lgcc] ==> lib [gcc]
    arg [--as-needed] ==> ignore
    arg [-lgcc_s] ==> lib [gcc_s]
    arg [--no-as-needed] ==> ignore
    arg [/usr/lib/gcc/x86_64-linux-gnu/5/crtend.o] ==> ignore
    arg [/usr/lib/gcc/x86_64-linux-gnu/5/../../../x86_64-linux-gnu/crtn.o] ==> ignore
  remove lib [gcc]
  remove lib [gcc_s]
  remove lib [gcc]
  remove lib [gcc_s]
  collapse library dir [/usr/lib/gcc/x86_64-linux-gnu/5] ==> [/usr/lib/gcc/x86_64-linux-gnu/5]
  collapse library dir [/usr/lib/gcc/x86_64-linux-gnu/5/../../../x86_64-linux-gnu] ==> [/usr/lib/x86_64-linux-gnu]
  collapse library dir [/usr/lib/gcc/x86_64-linux-gnu/5/../../../../lib] ==> [/usr/lib]
  collapse library dir [/lib/x86_64-linux-gnu] ==> [/lib/x86_64-linux-gnu]
  collapse library dir [/lib/../lib] ==> [/lib]
  collapse library dir [/usr/lib/x86_64-linux-gnu] ==> [/usr/lib/x86_64-linux-gnu]
  collapse library dir [/usr/lib/../lib] ==> [/usr/lib]
  collapse library dir [/usr/lib/gcc/x86_64-linux-gnu/5/../../..] ==> [/usr/lib]
  implicit libs: [c]
  implicit dirs: [/usr/lib/gcc/x86_64-linux-gnu/5;/usr/lib/x86_64-linux-gnu;/usr/lib;/lib/x86_64-linux-gnu;/lib]
  implicit fwks: []




Detecting C [-std=c11] compiler features compiled with the following output:
Change Dir: /home/FE/pilz/working/srsLTE/debug/CMakeFiles/CMakeTmp

Run Build Command:"/usr/bin/make" "cmTC_d04cf/fast"
/usr/bin/make -f CMakeFiles/cmTC_d04cf.dir/build.make CMakeFiles/cmTC_d04cf.dir/build
make[1]: Entering directory '/home/FE/pilz/working/srsLTE/debug/CMakeFiles/CMakeTmp'
Building C object CMakeFiles/cmTC_d04cf.dir/feature_tests.c.o
/usr/bin/cc    -std=c11 -o CMakeFiles/cmTC_d04cf.dir/feature_tests.c.o   -c /home/FE/pilz/working/srsLTE/debug/CMakeFiles/feature_tests.c
Linking C executable cmTC_d04cf
/usr/bin/cmake -E cmake_link_script CMakeFiles/cmTC_d04cf.dir/link.txt --verbose=1
/usr/bin/cc       CMakeFiles/cmTC_d04cf.dir/feature_tests.c.o  -o cmTC_d04cf -rdynamic 
make[1]: Leaving directory '/home/FE/pilz/working/srsLTE/debug/CMakeFiles/CMakeTmp'


    Feature record: C_FEATURE:1c_function_prototypes
    Feature record: C_FEATURE:1c_restrict
    Feature record: C_FEATURE:1c_static_assert
    Feature record: C_FEATURE:1c_variadic_macros


Detecting C [-std=c99] compiler features compiled with the following output:
Change Dir: /home/FE/pilz/working/srsLTE/debug/CMakeFiles/CMakeTmp

Run Build Command:"/usr/bin/make" "cmTC_9e736/fast"
/usr/bin/make -f CMakeFiles/cmTC_9e736.dir/build.make CMakeFiles/cmTC_9e736.dir/build
make[1]: Entering directory '/home/FE/pilz/working/srsLTE/debug/CMakeFiles/CMakeTmp'
Building C object CMakeFiles/cmTC_9e736.dir/feature_tests.c.o
/usr/bin/cc    -std=c99 -o CMakeFiles/cmTC_9e736.dir/feature_tests.c.o   -c /home/FE/pilz/working/srsLTE/debug/CMakeFiles/feature_tests.c
Linking C executable cmTC_9e736
/usr/bin/cmake -E cmake_link_script CMakeFiles/cmTC_9e736.dir/link.txt --verbose=1
/usr/bin/cc       CMakeFiles/cmTC_9e736.dir/feature_tests.c.o  -o cmTC_9e736 -rdynamic 
make[1]: Leaving directory '/home/FE/pilz/working/srsLTE/debug/CMakeFiles/CMakeTmp'


    Feature record: C_FEATURE:1c_function_prototypes
    Feature record: C_FEATURE:1c_restrict
    Feature record: C_FEATURE:0c_static_assert
    Feature record: C_FEATURE:1c_variadic_macros


Detecting C [-std=c90] compiler features compiled with the following output:
Change Dir: /home/FE/pilz/working/srsLTE/debug/CMakeFiles/CMakeTmp

Run Build Command:"/usr/bin/make" "cmTC_5a293/fast"
/usr/bin/make -f CMakeFiles/cmTC_5a293.dir/build.make CMakeFiles/cmTC_5a293.dir/build
make[1]: Entering directory '/home/FE/pilz/working/srsLTE/debug/CMakeFiles/CMakeTmp'
Building C object CMakeFiles/cmTC_5a293.dir/feature_tests.c.o
/usr/bin/cc    -std=c90 -o CMakeFiles/cmTC_5a293.dir/feature_tests.c.o   -c /home/FE/pilz/working/srsLTE/debug/CMakeFiles/feature_tests.c
Linking C executable cmTC_5a293
/usr/bin/cmake -E cmake_link_script CMakeFiles/cmTC_5a293.dir/link.txt --verbose=1
/usr/bin/cc       CMakeFiles/cmTC_5a293.dir/feature_tests.c.o  -o cmTC_5a293 -rdynamic 
make[1]: Leaving directory '/home/FE/pilz/working/srsLTE/debug/CMakeFiles/CMakeTmp'


    Feature record: C_FEATURE:1c_function_prototypes
    Feature record: C_FEATURE:0c_restrict
    Feature record: C_FEATURE:0c_static_assert
    Feature record: C_FEATURE:0c_variadic_macros
Determining if the CXX compiler works passed with the following output:
Change Dir: /home/FE/pilz/working/srsLTE/debug/CMakeFiles/CMakeTmp

Run Build Command:"/usr/bin/make" "cmTC_2516c/fast"
/usr/bin/make -f CMakeFiles/cmTC_2516c.dir/build.make CMakeFiles/cmTC_2516c.dir/build
make[1]: Entering directory '/home/FE/pilz/working/srsLTE/debug/CMakeFiles/CMakeTmp'
Building CXX object CMakeFiles/cmTC_2516c.dir/testCXXCompiler.cxx.o
/usr/bin/c++      -o CMakeFiles/cmTC_2516c.dir/testCXXCompiler.cxx.o -c /home/FE/pilz/working/srsLTE/debug/CMakeFiles/CMakeTmp/testCXXCompiler.cxx
Linking CXX executable cmTC_2516c
/usr/bin/cmake -E cmake_link_script CMakeFiles/cmTC_2516c.dir/link.txt --verbose=1
/usr/bin/c++        CMakeFiles/cmTC_2516c.dir/testCXXCompiler.cxx.o  -o cmTC_2516c -rdynamic 
make[1]: Leaving directory '/home/FE/pilz/working/srsLTE/debug/CMakeFiles/CMakeTmp'


Detecting CXX compiler ABI info compiled with the following output:
Change Dir: /home/FE/pilz/working/srsLTE/debug/CMakeFiles/CMakeTmp

Run Build Command:"/usr/bin/make" "cmTC_4f9f0/fast"
/usr/bin/make -f CMakeFiles/cmTC_4f9f0.dir/build.make CMakeFiles/cmTC_4f9f0.dir/build
make[1]: Entering directory '/home/FE/pilz/working/srsLTE/debug/CMakeFiles/CMakeTmp'
Building CXX object CMakeFiles/cmTC_4f9f0.dir/CMakeCXXCompilerABI.cpp.o
/usr/bin/c++      -o CMakeFiles/cmTC_4f9f0.dir/CMakeCXXCompilerABI.cpp.o -c /usr/share/cmake-3.5/Modules/CMakeCXXCompilerABI.cpp
Linking CXX executable cmTC_4f9f0
/usr/bin/cmake -E cmake_link_script CMakeFiles/cmTC_4f9f0.dir/link.txt --verbose=1
/usr/bin/c++       -v CMakeFiles/cmTC_4f9f0.dir/CMakeCXXCompilerABI.cpp.o  -o cmTC_4f9f0 -rdynamic  
Using built-in specs.
COLLECT_GCC=/usr/bin/c++
COLLECT_LTO_WRAPPER=/usr/lib/gcc/x86_64-linux-gnu/5/lto-wrapper
Target: x86_64-linux-gnu
Configured with: ../src/configure -v --with-pkgversion='Ubuntu 5.4.0-6ubuntu1~16.04.10' --with-bugurl=file:///usr/share/doc/gcc-5/README.Bugs --enable-languages=c,ada,c++,java,go,d,fortran,objc,obj-c++ --prefix=/usr --program-suffix=-5 --enable-shared --enable-linker-build-id --libexecdir=/usr/lib --without-included-gettext --enable-threads=posix --libdir=/usr/lib --enable-nls --with-sysroot=/ --enable-clocale=gnu --enable-libstdcxx-debug --enable-libstdcxx-time=yes --with-default-libstdcxx-abi=new --enable-gnu-unique-object --disable-vtable-verify --enable-libmpx --enable-plugin --with-system-zlib --disable-browser-plugin --enable-java-awt=gtk --enable-gtk-cairo --with-java-home=/usr/lib/jvm/java-1.5.0-gcj-5-amd64/jre --enable-java-home --with-jvm-root-dir=/usr/lib/jvm/java-1.5.0-gcj-5-amd64 --with-jvm-jar-dir=/usr/lib/jvm-exports/java-1.5.0-gcj-5-amd64 --with-arch-directory=amd64 --with-ecj-jar=/usr/share/java/eclipse-ecj.jar --enable-objc-gc --enable-multiarch --disable-werror --with-arch-32=i686 --with-abi=m64 --with-multilib-list=m32,m64,mx32 --enable-multilib --with-tune=generic --enable-checking=release --build=x86_64-linux-gnu --host=x86_64-linux-gnu --target=x86_64-linux-gnu
Thread model: posix
gcc version 5.4.0 20160609 (Ubuntu 5.4.0-6ubuntu1~16.04.10) 
COMPILER_PATH=/usr/lib/gcc/x86_64-linux-gnu/5/:/usr/lib/gcc/x86_64-linux-gnu/5/:/usr/lib/gcc/x86_64-linux-gnu/:/usr/lib/gcc/x86_64-linux-gnu/5/:/usr/lib/gcc/x86_64-linux-gnu/
LIBRARY_PATH=/usr/lib/gcc/x86_64-linux-gnu/5/:/usr/lib/gcc/x86_64-linux-gnu/5/../../../x86_64-linux-gnu/:/usr/lib/gcc/x86_64-linux-gnu/5/../../../../lib/:/lib/x86_64-linux-gnu/:/lib/../lib/:/usr/lib/x86_64-linux-gnu/:/usr/lib/../lib/:/usr/lib/gcc/x86_64-linux-gnu/5/../../../:/lib/:/usr/lib/
COLLECT_GCC_OPTIONS='-v' '-o' 'cmTC_4f9f0' '-rdynamic' '-shared-libgcc' '-mtune=generic' '-march=x86-64'
 /usr/lib/gcc/x86_64-linux-gnu/5/collect2 -plugin /usr/lib/gcc/x86_64-linux-gnu/5/liblto_plugin.so -plugin-opt=/usr/lib/gcc/x86_64-linux-gnu/5/lto-wrapper -plugin-opt=-fresolution=/tmp/ccOT9alp.res -plugin-opt=-pass-through=-lgcc_s -plugin-opt=-pass-through=-lgcc -plugin-opt=-pass-through=-lc -plugin-opt=-pass-through=-lgcc_s -plugin-opt=-pass-through=-lgcc --sysroot=/ --build-id --eh-frame-hdr -m elf_x86_64 --hash-style=gnu --as-needed -export-dynamic -dynamic-linker /lib64/ld-linux-x86-64.so.2 -z relro -o cmTC_4f9f0 /usr/lib/gcc/x86_64-linux-gnu/5/../../../x86_64-linux-gnu/crt1.o /usr/lib/gcc/x86_64-linux-gnu/5/../../../x86_64-linux-gnu/crti.o /usr/lib/gcc/x86_64-linux-gnu/5/crtbegin.o -L/usr/lib/gcc/x86_64-linux-gnu/5 -L/usr/lib/gcc/x86_64-linux-gnu/5/../../../x86_64-linux-gnu -L/usr/lib/gcc/x86_64-linux-gnu/5/../../../../lib -L/lib/x86_64-linux-gnu -L/lib/../lib -L/usr/lib/x86_64-linux-gnu -L/usr/lib/../lib -L/usr/lib/gcc/x86_64-linux-gnu/5/../../.. CMakeFiles/cmTC_4f9f0.dir/CMakeCXXCompilerABI.cpp.o -lstdc++ -lm -lgcc_s -lgcc -lc -lgcc_s -lgcc /usr/lib/gcc/x86_64-linux-gnu/5/crtend.o /usr/lib/gcc/x86_64-linux-gnu/5/../../../x86_64-linux-gnu/crtn.o
make[1]: Leaving directory '/home/FE/pilz/working/srsLTE/debug/CMakeFiles/CMakeTmp'


Parsed CXX implicit link information from above output:
  link line regex: [^( *|.*[/\])(ld|([^/\]+-)?ld|collect2)[^/\]*( |$)]
  ignore line: [Change Dir: /home/FE/pilz/working/srsLTE/debug/CMakeFiles/CMakeTmp]
  ignore line: []
  ignore line: [Run Build Command:"/usr/bin/make" "cmTC_4f9f0/fast"]
  ignore line: [/usr/bin/make -f CMakeFiles/cmTC_4f9f0.dir/build.make CMakeFiles/cmTC_4f9f0.dir/build]
  ignore line: [make[1]: Entering directory '/home/FE/pilz/working/srsLTE/debug/CMakeFiles/CMakeTmp']
  ignore line: [Building CXX object CMakeFiles/cmTC_4f9f0.dir/CMakeCXXCompilerABI.cpp.o]
  ignore line: [/usr/bin/c++      -o CMakeFiles/cmTC_4f9f0.dir/CMakeCXXCompilerABI.cpp.o -c /usr/share/cmake-3.5/Modules/CMakeCXXCompilerABI.cpp]
  ignore line: [Linking CXX executable cmTC_4f9f0]
  ignore line: [/usr/bin/cmake -E cmake_link_script CMakeFiles/cmTC_4f9f0.dir/link.txt --verbose=1]
  ignore line: [/usr/bin/c++       -v CMakeFiles/cmTC_4f9f0.dir/CMakeCXXCompilerABI.cpp.o  -o cmTC_4f9f0 -rdynamic  ]
  ignore line: [Using built-in specs.]
  ignore line: [COLLECT_GCC=/usr/bin/c++]
  ignore line: [COLLECT_LTO_WRAPPER=/usr/lib/gcc/x86_64-linux-gnu/5/lto-wrapper]
  ignore line: [Target: x86_64-linux-gnu]
  ignore line: [Configured with: ../src/configure -v --with-pkgversion='Ubuntu 5.4.0-6ubuntu1~16.04.10' --with-bugurl=file:///usr/share/doc/gcc-5/README.Bugs --enable-languages=c,ada,c++,java,go,d,fortran,objc,obj-c++ --prefix=/usr --program-suffix=-5 --enable-shared --enable-linker-build-id --libexecdir=/usr/lib --without-included-gettext --enable-threads=posix --libdir=/usr/lib --enable-nls --with-sysroot=/ --enable-clocale=gnu --enable-libstdcxx-debug --enable-libstdcxx-time=yes --with-default-libstdcxx-abi=new --enable-gnu-unique-object --disable-vtable-verify --enable-libmpx --enable-plugin --with-system-zlib --disable-browser-plugin --enable-java-awt=gtk --enable-gtk-cairo --with-java-home=/usr/lib/jvm/java-1.5.0-gcj-5-amd64/jre --enable-java-home --with-jvm-root-dir=/usr/lib/jvm/java-1.5.0-gcj-5-amd64 --with-jvm-jar-dir=/usr/lib/jvm-exports/java-1.5.0-gcj-5-amd64 --with-arch-directory=amd64 --with-ecj-jar=/usr/share/java/eclipse-ecj.jar --enable-objc-gc --enable-multiarch --disable-werror --with-arch-32=i686 --with-abi=m64 --with-multilib-list=m32,m64,mx32 --enable-multilib --with-tune=generic --enable-checking=release --build=x86_64-linux-gnu --host=x86_64-linux-gnu --target=x86_64-linux-gnu]
  ignore line: [Thread model: posix]
  ignore line: [gcc version 5.4.0 20160609 (Ubuntu 5.4.0-6ubuntu1~16.04.10) ]
  ignore line: [COMPILER_PATH=/usr/lib/gcc/x86_64-linux-gnu/5/:/usr/lib/gcc/x86_64-linux-gnu/5/:/usr/lib/gcc/x86_64-linux-gnu/:/usr/lib/gcc/x86_64-linux-gnu/5/:/usr/lib/gcc/x86_64-linux-gnu/]
  ignore line: [LIBRARY_PATH=/usr/lib/gcc/x86_64-linux-gnu/5/:/usr/lib/gcc/x86_64-linux-gnu/5/../../../x86_64-linux-gnu/:/usr/lib/gcc/x86_64-linux-gnu/5/../../../../lib/:/lib/x86_64-linux-gnu/:/lib/../lib/:/usr/lib/x86_64-linux-gnu/:/usr/lib/../lib/:/usr/lib/gcc/x86_64-linux-gnu/5/../../../:/lib/:/usr/lib/]
  ignore line: [COLLECT_GCC_OPTIONS='-v' '-o' 'cmTC_4f9f0' '-rdynamic' '-shared-libgcc' '-mtune=generic' '-march=x86-64']
  link line: [ /usr/lib/gcc/x86_64-linux-gnu/5/collect2 -plugin /usr/lib/gcc/x86_64-linux-gnu/5/liblto_plugin.so -plugin-opt=/usr/lib/gcc/x86_64-linux-gnu/5/lto-wrapper -plugin-opt=-fresolution=/tmp/ccOT9alp.res -plugin-opt=-pass-through=-lgcc_s -plugin-opt=-pass-through=-lgcc -plugin-opt=-pass-through=-lc -plugin-opt=-pass-through=-lgcc_s -plugin-opt=-pass-through=-lgcc --sysroot=/ --build-id --eh-frame-hdr -m elf_x86_64 --hash-style=gnu --as-needed -export-dynamic -dynamic-linker /lib64/ld-linux-x86-64.so.2 -z relro -o cmTC_4f9f0 /usr/lib/gcc/x86_64-linux-gnu/5/../../../x86_64-linux-gnu/crt1.o /usr/lib/gcc/x86_64-linux-gnu/5/../../../x86_64-linux-gnu/crti.o /usr/lib/gcc/x86_64-linux-gnu/5/crtbegin.o -L/usr/lib/gcc/x86_64-linux-gnu/5 -L/usr/lib/gcc/x86_64-linux-gnu/5/../../../x86_64-linux-gnu -L/usr/lib/gcc/x86_64-linux-gnu/5/../../../../lib -L/lib/x86_64-linux-gnu -L/lib/../lib -L/usr/lib/x86_64-linux-gnu -L/usr/lib/../lib -L/usr/lib/gcc/x86_64-linux-gnu/5/../../.. CMakeFiles/cmTC_4f9f0.dir/CMakeCXXCompilerABI.cpp.o -lstdc++ -lm -lgcc_s -lgcc -lc -lgcc_s -lgcc /usr/lib/gcc/x86_64-linux-gnu/5/crtend.o /usr/lib/gcc/x86_64-linux-gnu/5/../../../x86_64-linux-gnu/crtn.o]
    arg [/usr/lib/gcc/x86_64-linux-gnu/5/collect2] ==> ignore
    arg [-plugin] ==> ignore
    arg [/usr/lib/gcc/x86_64-linux-gnu/5/liblto_plugin.so] ==> ignore
    arg [-plugin-opt=/usr/lib/gcc/x86_64-linux-gnu/5/lto-wrapper] ==> ignore
    arg [-plugin-opt=-fresolution=/tmp/ccOT9alp.res] ==> ignore
    arg [-plugin-opt=-pass-through=-lgcc_s] ==> ignore
    arg [-plugin-opt=-pass-through=-lgcc] ==> ignore
    arg [-plugin-opt=-pass-through=-lc] ==> ignore
    arg [-plugin-opt=-pass-through=-lgcc_s] ==> ignore
    arg [-plugin-opt=-pass-through=-lgcc] ==> ignore
    arg [--sysroot=/] ==> ignore
    arg [--build-id] ==> ignore
    arg [--eh-frame-hdr] ==> ignore
    arg [-m] ==> ignore
    arg [elf_x86_64] ==> ignore
    arg [--hash-style=gnu] ==> ignore
    arg [--as-needed] ==> ignore
    arg [-export-dynamic] ==> ignore
    arg [-dynamic-linker] ==> ignore
    arg [/lib64/ld-linux-x86-64.so.2] ==> ignore
    arg [-zrelro] ==> ignore
    arg [-o] ==> ignore
    arg [cmTC_4f9f0] ==> ignore
    arg [/usr/lib/gcc/x86_64-linux-gnu/5/../../../x86_64-linux-gnu/crt1.o] ==> ignore
    arg [/usr/lib/gcc/x86_64-linux-gnu/5/../../../x86_64-linux-gnu/crti.o] ==> ignore
    arg [/usr/lib/gcc/x86_64-linux-gnu/5/crtbegin.o] ==> ignore
    arg [-L/usr/lib/gcc/x86_64-linux-gnu/5] ==> dir [/usr/lib/gcc/x86_64-linux-gnu/5]
    arg [-L/usr/lib/gcc/x86_64-linux-gnu/5/../../../x86_64-linux-gnu] ==> dir [/usr/lib/gcc/x86_64-linux-gnu/5/../../../x86_64-linux-gnu]
    arg [-L/usr/lib/gcc/x86_64-linux-gnu/5/../../../../lib] ==> dir [/usr/lib/gcc/x86_64-linux-gnu/5/../../../../lib]
    arg [-L/lib/x86_64-linux-gnu] ==> dir [/lib/x86_64-linux-gnu]
    arg [-L/lib/../lib] ==> dir [/lib/../lib]
    arg [-L/usr/lib/x86_64-linux-gnu] ==> dir [/usr/lib/x86_64-linux-gnu]
    arg [-L/usr/lib/../lib] ==> dir [/usr/lib/../lib]
    arg [-L/usr/lib/gcc/x86_64-linux-gnu/5/../../..] ==> dir [/usr/lib/gcc/x86_64-linux-gnu/5/../../..]
    arg [CMakeFiles/cmTC_4f9f0.dir/CMakeCXXCompilerABI.cpp.o] ==> ignore
    arg [-lstdc++] ==> lib [stdc++]
    arg [-lm] ==> lib [m]
    arg [-lgcc_s] ==> lib [gcc_s]
    arg [-lgcc] ==> lib [gcc]
    arg [-lc] ==> lib [c]
    arg [-lgcc_s] ==> lib [gcc_s]
    arg [-lgcc] ==> lib [gcc]
    arg [/usr/lib/gcc/x86_64-linux-gnu/5/crtend.o] ==> ignore
    arg [/usr/lib/gcc/x86_64-linux-gnu/5/../../../x86_64-linux-gnu/crtn.o] ==> ignore
  remove lib [gcc_s]
  remove lib [gcc]
  remove lib [gcc_s]
  remove lib [gcc]
  collapse library dir [/usr/lib/gcc/x86_64-linux-gnu/5] ==> [/usr/lib/gcc/x86_64-linux-gnu/5]
  collapse library dir [/usr/lib/gcc/x86_64-linux-gnu/5/../../../x86_64-linux-gnu] ==> [/usr/lib/x86_64-linux-gnu]
  collapse library dir [/usr/lib/gcc/x86_64-linux-gnu/5/../../../../lib] ==> [/usr/lib]
  collapse library dir [/lib/x86_64-linux-gnu] ==> [/lib/x86_64-linux-gnu]
  collapse library dir [/lib/../lib] ==> [/lib]
  collapse library dir [/usr/lib/x86_64-linux-gnu] ==> [/usr/lib/x86_64-linux-gnu]
  collapse library dir [/usr/lib/../lib] ==> [/usr/lib]
  collapse library dir [/usr/lib/gcc/x86_64-linux-gnu/5/../../..] ==> [/usr/lib]
  implicit libs: [stdc++;m;c]
  implicit dirs: [/usr/lib/gcc/x86_64-linux-gnu/5;/usr/lib/x86_64-linux-gnu;/usr/lib;/lib/x86_64-linux-gnu;/lib]
  implicit fwks: []




Detecting CXX [-std=c++14] compiler features compiled with the following output:
Change Dir: /home/FE/pilz/working/srsLTE/debug/CMakeFiles/CMakeTmp

Run Build Command:"/usr/bin/make" "cmTC_b74b3/fast"
/usr/bin/make -f CMakeFiles/cmTC_b74b3.dir/build.make CMakeFiles/cmTC_b74b3.dir/build
make[1]: Entering directory '/home/FE/pilz/working/srsLTE/debug/CMakeFiles/CMakeTmp'
Building CXX object CMakeFiles/cmTC_b74b3.dir/feature_tests.cxx.o
/usr/bin/c++     -std=c++14 -o CMakeFiles/cmTC_b74b3.dir/feature_tests.cxx.o -c /home/FE/pilz/working/srsLTE/debug/CMakeFiles/feature_tests.cxx
Linking CXX executable cmTC_b74b3
/usr/bin/cmake -E cmake_link_script CMakeFiles/cmTC_b74b3.dir/link.txt --verbose=1
/usr/bin/c++        CMakeFiles/cmTC_b74b3.dir/feature_tests.cxx.o  -o cmTC_b74b3 -rdynamic 
make[1]: Leaving directory '/home/FE/pilz/working/srsLTE/debug/CMakeFiles/CMakeTmp'


    Feature record: CXX_FEATURE:1cxx_aggregate_default_initializers
    Feature record: CXX_FEATURE:1cxx_alias_templates
    Feature record: CXX_FEATURE:1cxx_alignas
    Feature record: CXX_FEATURE:1cxx_alignof
    Feature record: CXX_FEATURE:1cxx_attributes
    Feature record: CXX_FEATURE:1cxx_attribute_deprecated
    Feature record: CXX_FEATURE:1cxx_auto_type
    Feature record: CXX_FEATURE:1cxx_binary_literals
    Feature record: CXX_FEATURE:1cxx_constexpr
    Feature record: CXX_FEATURE:1cxx_contextual_conversions
    Feature record: CXX_FEATURE:1cxx_decltype
    Feature record: CXX_FEATURE:1cxx_decltype_auto
    Feature record: CXX_FEATURE:1cxx_decltype_incomplete_return_types
    Feature record: CXX_FEATURE:1cxx_default_function_template_args
    Feature record: CXX_FEATURE:1cxx_defaulted_functions
    Feature record: CXX_FEATURE:1cxx_defaulted_move_initializers
    Feature record: CXX_FEATURE:1cxx_delegating_constructors
    Feature record: CXX_FEATURE:1cxx_deleted_functions
    Feature record: CXX_FEATURE:1cxx_digit_separators
    Feature record: CXX_FEATURE:1cxx_enum_forward_declarations
    Feature record: CXX_FEATURE:1cxx_explicit_conversions
    Feature record: CXX_FEATURE:1cxx_extended_friend_declarations
    Feature record: CXX_FEATURE:1cxx_extern_templates
    Feature record: CXX_FEATURE:1cxx_final
    Feature record: CXX_FEATURE:1cxx_func_identifier
    Feature record: CXX_FEATURE:1cxx_generalized_initializers
    Feature record: CXX_FEATURE:1cxx_generic_lambdas
    Feature record: CXX_FEATURE:1cxx_inheriting_constructors
    Feature record: CXX_FEATURE:1cxx_inline_namespaces
    Feature record: CXX_FEATURE:1cxx_lambdas
    Feature record: CXX_FEATURE:1cxx_lambda_init_captures
    Feature record: CXX_FEATURE:1cxx_local_type_template_args
    Feature record: CXX_FEATURE:1cxx_long_long_type
    Feature record: CXX_FEATURE:1cxx_noexcept
    Feature record: CXX_FEATURE:1cxx_nonstatic_member_init
    Feature record: CXX_FEATURE:1cxx_nullptr
    Feature record: CXX_FEATURE:1cxx_override
    Feature record: CXX_FEATURE:1cxx_range_for
    Feature record: CXX_FEATURE:1cxx_raw_string_literals
    Feature record: CXX_FEATURE:1cxx_reference_qualified_functions
    Feature record: CXX_FEATURE:1cxx_relaxed_constexpr
    Feature record: CXX_FEATURE:1cxx_return_type_deduction
    Feature record: CXX_FEATURE:1cxx_right_angle_brackets
    Feature record: CXX_FEATURE:1cxx_rvalue_references
    Feature record: CXX_FEATURE:1cxx_sizeof_member
    Feature record: CXX_FEATURE:1cxx_static_assert
    Feature record: CXX_FEATURE:1cxx_strong_enums
    Feature record: CXX_FEATURE:1cxx_template_template_parameters
    Feature record: CXX_FEATURE:1cxx_thread_local
    Feature record: CXX_FEATURE:1cxx_trailing_return_types
    Feature record: CXX_FEATURE:1cxx_unicode_literals
    Feature record: CXX_FEATURE:1cxx_uniform_initialization
    Feature record: CXX_FEATURE:1cxx_unrestricted_unions
    Feature record: CXX_FEATURE:1cxx_user_literals
    Feature record: CXX_FEATURE:1cxx_variable_templates
    Feature record: CXX_FEATURE:1cxx_variadic_macros
    Feature record: CXX_FEATURE:1cxx_variadic_templates


Detecting CXX [-std=c++11] compiler features compiled with the following output:
Change Dir: /home/FE/pilz/working/srsLTE/debug/CMakeFiles/CMakeTmp

Run Build Command:"/usr/bin/make" "cmTC_357b5/fast"
/usr/bin/make -f CMakeFiles/cmTC_357b5.dir/build.make CMakeFiles/cmTC_357b5.dir/build
make[1]: Entering directory '/home/FE/pilz/working/srsLTE/debug/CMakeFiles/CMakeTmp'
Building CXX object CMakeFiles/cmTC_357b5.dir/feature_tests.cxx.o
/usr/bin/c++     -std=c++11 -o CMakeFiles/cmTC_357b5.dir/feature_tests.cxx.o -c /home/FE/pilz/working/srsLTE/debug/CMakeFiles/feature_tests.cxx
Linking CXX executable cmTC_357b5
/usr/bin/cmake -E cmake_link_script CMakeFiles/cmTC_357b5.dir/link.txt --verbose=1
/usr/bin/c++        CMakeFiles/cmTC_357b5.dir/feature_tests.cxx.o  -o cmTC_357b5 -rdynamic 
make[1]: Leaving directory '/home/FE/pilz/working/srsLTE/debug/CMakeFiles/CMakeTmp'


    Feature record: CXX_FEATURE:0cxx_aggregate_default_initializers
    Feature record: CXX_FEATURE:1cxx_alias_templates
    Feature record: CXX_FEATURE:1cxx_alignas
    Feature record: CXX_FEATURE:1cxx_alignof
    Feature record: CXX_FEATURE:1cxx_attributes
    Feature record: CXX_FEATURE:0cxx_attribute_deprecated
    Feature record: CXX_FEATURE:1cxx_auto_type
    Feature record: CXX_FEATURE:0cxx_binary_literals
    Feature record: CXX_FEATURE:1cxx_constexpr
    Feature record: CXX_FEATURE:0cxx_contextual_conversions
    Feature record: CXX_FEATURE:1cxx_decltype
    Feature record: CXX_FEATURE:0cxx_decltype_auto
    Feature record: CXX_FEATURE:1cxx_decltype_incomplete_return_types
    Feature record: CXX_FEATURE:1cxx_default_function_template_args
    Feature record: CXX_FEATURE:1cxx_defaulted_functions
    Feature record: CXX_FEATURE:1cxx_defaulted_move_initializers
    Feature record: CXX_FEATURE:1cxx_delegating_constructors
    Feature record: CXX_FEATURE:1cxx_deleted_functions
    Feature record: CXX_FEATURE:0cxx_digit_separators
    Feature record: CXX_FEATURE:1cxx_enum_forward_declarations
    Feature record: CXX_FEATURE:1cxx_explicit_conversions
    Feature record: CXX_FEATURE:1cxx_extended_friend_declarations
    Feature record: CXX_FEATURE:1cxx_extern_templates
    Feature record: CXX_FEATURE:1cxx_final
    Feature record: CXX_FEATURE:1cxx_func_identifier
    Feature record: CXX_FEATURE:1cxx_generalized_initializers
    Feature record: CXX_FEATURE:0cxx_generic_lambdas
    Feature record: CXX_FEATURE:1cxx_inheriting_constructors
    Feature record: CXX_FEATURE:1cxx_inline_namespaces
    Feature record: CXX_FEATURE:1cxx_lambdas
    Feature record: CXX_FEATURE:0cxx_lambda_init_captures
    Feature record: CXX_FEATURE:1cxx_local_type_template_args
    Feature record: CXX_FEATURE:1cxx_long_long_type
    Feature record: CXX_FEATURE:1cxx_noexcept
    Feature record: CXX_FEATURE:1cxx_nonstatic_member_init
    Feature record: CXX_FEATURE:1cxx_nullptr
    Feature record: CXX_FEATURE:1cxx_override
    Feature record: CXX_FEATURE:1cxx_range_for
    Feature record: CXX_FEATURE:1cxx_raw_string_literals
    Feature record: CXX_FEATURE:1cxx_reference_qualified_functions
    Feature record: CXX_FEATURE:0cxx_relaxed_constexpr
    Feature record: CXX_FEATURE:0cxx_return_type_deduction
    Feature record: CXX_FEATURE:1cxx_right_angle_brackets
    Feature record: CXX_FEATURE:1cxx_rvalue_references
    Feature record: CXX_FEATURE:1cxx_sizeof_member
    Feature record: CXX_FEATURE:1cxx_static_assert
    Feature record: CXX_FEATURE:1cxx_strong_enums
    Feature record: CXX_FEATURE:1cxx_template_template_parameters
    Feature record: CXX_FEATURE:1cxx_thread_local
    Feature record: CXX_FEATURE:1cxx_trailing_return_types
    Feature record: CXX_FEATURE:1cxx_unicode_literals
    Feature record: CXX_FEATURE:1cxx_uniform_initialization
    Feature record: CXX_FEATURE:1cxx_unrestricted_unions
    Feature record: CXX_FEATURE:1cxx_user_literals
    Feature record: CXX_FEATURE:0cxx_variable_templates
    Feature record: CXX_FEATURE:1cxx_variadic_macros
    Feature record: CXX_FEATURE:1cxx_variadic_templates


Detecting CXX [-std=c++98] compiler features compiled with the following output:
Change Dir: /home/FE/pilz/working/srsLTE/debug/CMakeFiles/CMakeTmp

Run Build Command:"/usr/bin/make" "cmTC_988d3/fast"
/usr/bin/make -f CMakeFiles/cmTC_988d3.dir/build.make CMakeFiles/cmTC_988d3.dir/build
make[1]: Entering directory '/home/FE/pilz/working/srsLTE/debug/CMakeFiles/CMakeTmp'
Building CXX object CMakeFiles/cmTC_988d3.dir/feature_tests.cxx.o
/usr/bin/c++     -std=c++98 -o CMakeFiles/cmTC_988d3.dir/feature_tests.cxx.o -c /home/FE/pilz/working/srsLTE/debug/CMakeFiles/feature_tests.cxx
Linking CXX executable cmTC_988d3
/usr/bin/cmake -E cmake_link_script CMakeFiles/cmTC_988d3.dir/link.txt --verbose=1
/usr/bin/c++        CMakeFiles/cmTC_988d3.dir/feature_tests.cxx.o  -o cmTC_988d3 -rdynamic 
make[1]: Leaving directory '/home/FE/pilz/working/srsLTE/debug/CMakeFiles/CMakeTmp'


    Feature record: CXX_FEATURE:0cxx_aggregate_default_initializers
    Feature record: CXX_FEATURE:0cxx_alias_templates
    Feature record: CXX_FEATURE:0cxx_alignas
    Feature record: CXX_FEATURE:0cxx_alignof
    Feature record: CXX_FEATURE:0cxx_attributes
    Feature record: CXX_FEATURE:0cxx_attribute_deprecated
    Feature record: CXX_FEATURE:0cxx_auto_type
    Feature record: CXX_FEATURE:0cxx_binary_literals
    Feature record: CXX_FEATURE:0cxx_constexpr
    Feature record: CXX_FEATURE:0cxx_contextual_conversions
    Feature record: CXX_FEATURE:0cxx_decltype
    Feature record: CXX_FEATURE:0cxx_decltype_auto
    Feature record: CXX_FEATURE:0cxx_decltype_incomplete_return_types
    Feature record: CXX_FEATURE:0cxx_default_function_template_args
    Feature record: CXX_FEATURE:0cxx_defaulted_functions
    Feature record: CXX_FEATURE:0cxx_defaulted_move_initializers
    Feature record: CXX_FEATURE:0cxx_delegating_constructors
    Feature record: CXX_FEATURE:0cxx_deleted_functions
    Feature record: CXX_FEATURE:0cxx_digit_separators
    Feature record: CXX_FEATURE:0cxx_enum_forward_declarations
    Feature record: CXX_FEATURE:0cxx_explicit_conversions
    Feature record: CXX_FEATURE:0cxx_extended_friend_declarations
    Feature record: CXX_FEATURE:0cxx_extern_templates
    Feature record: CXX_FEATURE:0cxx_final
    Feature record: CXX_FEATURE:0cxx_func_identifier
    Feature record: CXX_FEATURE:0cxx_generalized_initializers
    Feature record: CXX_FEATURE:0cxx_generic_lambdas
    Feature record: CXX_FEATURE:0cxx_inheriting_constructors
    Feature record: CXX_FEATURE:0cxx_inline_namespaces
    Feature record: CXX_FEATURE:0cxx_lambdas
    Feature record: CXX_FEATURE:0cxx_lambda_init_captures
    Feature record: CXX_FEATURE:0cxx_local_type_template_args
    Feature record: CXX_FEATURE:0cxx_long_long_type
    Feature record: CXX_FEATURE:0cxx_noexcept
    Feature record: CXX_FEATURE:0cxx_nonstatic_member_init
    Feature record: CXX_FEATURE:0cxx_nullptr
    Feature record: CXX_FEATURE:0cxx_override
    Feature record: CXX_FEATURE:0cxx_range_for
    Feature record: CXX_FEATURE:0cxx_raw_string_literals
    Feature record: CXX_FEATURE:0cxx_reference_qualified_functions
    Feature record: CXX_FEATURE:0cxx_relaxed_constexpr
    Feature record: CXX_FEATURE:0cxx_return_type_deduction
    Feature record: CXX_FEATURE:0cxx_right_angle_brackets
    Feature record: CXX_FEATURE:0cxx_rvalue_references
    Feature record: CXX_FEATURE:0cxx_sizeof_member
    Feature record: CXX_FEATURE:0cxx_static_assert
    Feature record: CXX_FEATURE:0cxx_strong_enums
    Feature record: CXX_FEATURE:1cxx_template_template_parameters
    Feature record: CXX_FEATURE:0cxx_thread_local
    Feature record: CXX_FEATURE:0cxx_trailing_return_types
    Feature record: CXX_FEATURE:0cxx_unicode_literals
    Feature record: CXX_FEATURE:0cxx_uniform_initialization
    Feature record: CXX_FEATURE:0cxx_unrestricted_unions
    Feature record: CXX_FEATURE:0cxx_user_literals
    Feature record: CXX_FEATURE:0cxx_variable_templates
    Feature record: CXX_FEATURE:0cxx_variadic_macros
    Feature record: CXX_FEATURE:0cxx_variadic_templates
Determining if the include file pthread.h exists passed with the following output:
Change Dir: /home/FE/pilz/working/srsLTE/debug/CMakeFiles/CMakeTmp

Run Build Command:"/usr/bin/make" "cmTC_c9d1d/fast"
/usr/bin/make -f CMakeFiles/cmTC_c9d1d.dir/build.make CMakeFiles/cmTC_c9d1d.dir/build
make[1]: Entering directory '/home/FE/pilz/working/srsLTE/debug/CMakeFiles/CMakeTmp'
Building C object CMakeFiles/cmTC_c9d1d.dir/CheckIncludeFile.c.o
/usr/bin/cc     -o CMakeFiles/cmTC_c9d1d.dir/CheckIncludeFile.c.o   -c /home/FE/pilz/working/srsLTE/debug/CMakeFiles/CMakeTmp/CheckIncludeFile.c
Linking C executable cmTC_c9d1d
/usr/bin/cmake -E cmake_link_script CMakeFiles/cmTC_c9d1d.dir/link.txt --verbose=1
/usr/bin/cc       CMakeFiles/cmTC_c9d1d.dir/CheckIncludeFile.c.o  -o cmTC_c9d1d -rdynamic 
make[1]: Leaving directory '/home/FE/pilz/working/srsLTE/debug/CMakeFiles/CMakeTmp'


Determining if the function pthread_create exists in the pthread passed with the following output:
Change Dir: /home/FE/pilz/working/srsLTE/debug/CMakeFiles/CMakeTmp

Run Build Command:"/usr/bin/make" "cmTC_f3492/fast"
/usr/bin/make -f CMakeFiles/cmTC_f3492.dir/build.make CMakeFiles/cmTC_f3492.dir/build
make[1]: Entering directory '/home/FE/pilz/working/srsLTE/debug/CMakeFiles/CMakeTmp'
Building C object CMakeFiles/cmTC_f3492.dir/CheckFunctionExists.c.o
/usr/bin/cc    -DCHECK_FUNCTION_EXISTS=pthread_create   -o CMakeFiles/cmTC_f3492.dir/CheckFunctionExists.c.o   -c /usr/share/cmake-3.5/Modules/CheckFunctionExists.c
Linking C executable cmTC_f3492
/usr/bin/cmake -E cmake_link_script CMakeFiles/cmTC_f3492.dir/link.txt --verbose=1
/usr/bin/cc   -DCHECK_FUNCTION_EXISTS=pthread_create    CMakeFiles/cmTC_f3492.dir/CheckFunctionExists.c.o  -o cmTC_f3492 -rdynamic -lpthread 
make[1]: Leaving directory '/home/FE/pilz/working/srsLTE/debug/CMakeFiles/CMakeTmp'


Performing C SOURCE FILE Test HAVE_SSE succeeded with the following output:
Change Dir: /home/FE/pilz/working/srsLTE/debug/CMakeFiles/CMakeTmp

Run Build Command:"/usr/bin/make" "cmTC_3e889/fast"
/usr/bin/make -f CMakeFiles/cmTC_3e889.dir/build.make CMakeFiles/cmTC_3e889.dir/build
make[1]: Entering directory '/home/FE/pilz/working/srsLTE/debug/CMakeFiles/CMakeTmp'
Building C object CMakeFiles/cmTC_3e889.dir/src.c.o
/usr/bin/cc    -DHAVE_SSE -msse4.1   -o CMakeFiles/cmTC_3e889.dir/src.c.o   -c /home/FE/pilz/working/srsLTE/debug/CMakeFiles/CMakeTmp/src.c
Linking C executable cmTC_3e889
/usr/bin/cmake -E cmake_link_script CMakeFiles/cmTC_3e889.dir/link.txt --verbose=1
/usr/bin/cc   -DHAVE_SSE -msse4.1    CMakeFiles/cmTC_3e889.dir/src.c.o  -o cmTC_3e889 -rdynamic 
make[1]: Leaving directory '/home/FE/pilz/working/srsLTE/debug/CMakeFiles/CMakeTmp'

Return value: 1
Source file was:

        #include <emmintrin.h>
        #include <smmintrin.h>

        int main()
        {
        __m128i a = _mm_setzero_si128();
        __m128i b = _mm_minpos_epu16(a);
        return 0;
        }
Performing C SOURCE FILE Test HAVE_AVX succeeded with the following output:
Change Dir: /home/FE/pilz/working/srsLTE/debug/CMakeFiles/CMakeTmp

Run Build Command:"/usr/bin/make" "cmTC_63678/fast"
/usr/bin/make -f CMakeFiles/cmTC_63678.dir/build.make CMakeFiles/cmTC_63678.dir/build
make[1]: Entering directory '/home/FE/pilz/working/srsLTE/debug/CMakeFiles/CMakeTmp'
Building C object CMakeFiles/cmTC_63678.dir/src.c.o
/usr/bin/cc    -DHAVE_AVX -mavx   -o CMakeFiles/cmTC_63678.dir/src.c.o   -c /home/FE/pilz/working/srsLTE/debug/CMakeFiles/CMakeTmp/src.c
Linking C executable cmTC_63678
/usr/bin/cmake -E cmake_link_script CMakeFiles/cmTC_63678.dir/link.txt --verbose=1
/usr/bin/cc   -DHAVE_AVX -mavx    CMakeFiles/cmTC_63678.dir/src.c.o  -o cmTC_63678 -rdynamic 
make[1]: Leaving directory '/home/FE/pilz/working/srsLTE/debug/CMakeFiles/CMakeTmp'

Return value: 1
Source file was:

            #include <immintrin.h>
            int main()
            {
              __m256 a, b, c;
              const float src[8] = { 1.0f, 2.0f, 3.0f, 4.0f, 5.0f, 6.0f, 7.0f, 8.0f };
              float dst[8];
              a = _mm256_loadu_ps( src );
              b = _mm256_loadu_ps( src );
              c = _mm256_add_ps( a, b );
              _mm256_storeu_ps( dst, c );
              int i = 0;
              for( i = 0; i < 8; i++ ){
                if( ( src[i] + src[i] ) != dst[i] ){
                  return -1;
                }
              }
              return 0;
            }
Performing C SOURCE FILE Test HAVE_AVX2 succeeded with the following output:
Change Dir: /home/FE/pilz/working/srsLTE/debug/CMakeFiles/CMakeTmp

Run Build Command:"/usr/bin/make" "cmTC_cddb4/fast"
/usr/bin/make -f CMakeFiles/cmTC_cddb4.dir/build.make CMakeFiles/cmTC_cddb4.dir/build
make[1]: Entering directory '/home/FE/pilz/working/srsLTE/debug/CMakeFiles/CMakeTmp'
Building C object CMakeFiles/cmTC_cddb4.dir/src.c.o
/usr/bin/cc    -DHAVE_AVX2 -mavx2   -o CMakeFiles/cmTC_cddb4.dir/src.c.o   -c /home/FE/pilz/working/srsLTE/debug/CMakeFiles/CMakeTmp/src.c
Linking C executable cmTC_cddb4
/usr/bin/cmake -E cmake_link_script CMakeFiles/cmTC_cddb4.dir/link.txt --verbose=1
/usr/bin/cc   -DHAVE_AVX2 -mavx2    CMakeFiles/cmTC_cddb4.dir/src.c.o  -o cmTC_cddb4 -rdynamic 
make[1]: Leaving directory '/home/FE/pilz/working/srsLTE/debug/CMakeFiles/CMakeTmp'

Return value: 1
Source file was:

          #include <immintrin.h>
          int main()
          {
            __m256i a, b, c;
            const int src[8] = { 1, 2, 3, 4, 5, 6, 7, 8 };
            int dst[8];
            a =  _mm256_loadu_si256( (__m256i*)src );
            b =  _mm256_loadu_si256( (__m256i*)src );
            c = _mm256_add_epi32( a, b );
            _mm256_storeu_si256( (__m256i*)dst, c );
            int i = 0;
            for( i = 0; i < 8; i++ ){
              if( ( src[i] + src[i] ) != dst[i] ){
                return -1;
              }
            }
            return 0;
          }
Performing C SOURCE FILE Test HAVE_FMA succeeded with the following output:
Change Dir: /home/FE/pilz/working/srsLTE/debug/CMakeFiles/CMakeTmp

Run Build Command:"/usr/bin/make" "cmTC_0192b/fast"
/usr/bin/make -f CMakeFiles/cmTC_0192b.dir/build.make CMakeFiles/cmTC_0192b.dir/build
make[1]: Entering directory '/home/FE/pilz/working/srsLTE/debug/CMakeFiles/CMakeTmp'
Building C object CMakeFiles/cmTC_0192b.dir/src.c.o
/usr/bin/cc    -DHAVE_FMA -mfma   -o CMakeFiles/cmTC_0192b.dir/src.c.o   -c /home/FE/pilz/working/srsLTE/debug/CMakeFiles/CMakeTmp/src.c
Linking C executable cmTC_0192b
/usr/bin/cmake -E cmake_link_script CMakeFiles/cmTC_0192b.dir/link.txt --verbose=1
/usr/bin/cc   -DHAVE_FMA -mfma    CMakeFiles/cmTC_0192b.dir/src.c.o  -o cmTC_0192b -rdynamic 
make[1]: Leaving directory '/home/FE/pilz/working/srsLTE/debug/CMakeFiles/CMakeTmp'

Return value: 1
Source file was:

            #include <immintrin.h>
            int main()
            {
              __m256 a, b, c, r;
              const float src[8] = { 1.0f, 2.0f, 3.0f, 4.0f, 5.0f, 6.0f, 7.0f, 8.0f };
              float dst[8];
              a = _mm256_loadu_ps( src );
              b = _mm256_loadu_ps( src );
              c = _mm256_loadu_ps( src );
              r = _mm256_fmadd_ps( a, b, c );
              _mm256_storeu_ps( dst, r );
              int i = 0;
              for( i = 0; i < 8; i++ ){
                if( ( src[i] * src[i] + src[i] ) != dst[i] ){
                  return -1;
                }
              }
              return 0;
            }
Performing C++ SOURCE FILE Test HAVE_ERROR_INCOMPATIBLE succeeded with the following output:
Change Dir: /home/FE/pilz/working/srsLTE/debug/CMakeFiles/CMakeTmp

Run Build Command:"/usr/bin/make" "cmTC_3ccfe/fast"
/usr/bin/make -f CMakeFiles/cmTC_3ccfe.dir/build.make CMakeFiles/cmTC_3ccfe.dir/build
make[1]: Entering directory '/home/FE/pilz/working/srsLTE/debug/CMakeFiles/CMakeTmp'
Building CXX object CMakeFiles/cmTC_3ccfe.dir/src.cxx.o
/usr/bin/c++     -march=native -Wall -Wno-comment -Wno-reorder -Wno-unused-but-set-variable -Wno-unused-variable -Wformat -Wmissing-field-initializers -Wtype-limits -std=c++03 -mfpmath=sse -mavx2 -DLV_HAVE_AVX2 -DLV_HAVE_AVX -DLV_HAVE_SSE -DHAVE_ERROR_INCOMPATIBLE -mavx512f   -Werror=incompatible-pointer-types -o CMakeFiles/cmTC_3ccfe.dir/src.cxx.o -c /home/FE/pilz/working/srsLTE/debug/CMakeFiles/CMakeTmp/src.cxx
Linking CXX executable cmTC_3ccfe
/usr/bin/cmake -E cmake_link_script CMakeFiles/cmTC_3ccfe.dir/link.txt --verbose=1
/usr/bin/c++    -march=native -Wall -Wno-comment -Wno-reorder -Wno-unused-but-set-variable -Wno-unused-variable -Wformat -Wmissing-field-initializers -Wtype-limits -std=c++03 -mfpmath=sse -mavx2 -DLV_HAVE_AVX2 -DLV_HAVE_AVX -DLV_HAVE_SSE -DHAVE_ERROR_INCOMPATIBLE -mavx512f    CMakeFiles/cmTC_3ccfe.dir/src.cxx.o  -o cmTC_3ccfe -rdynamic 
make[1]: Leaving directory '/home/FE/pilz/working/srsLTE/debug/CMakeFiles/CMakeTmp'

Source file was:
int main() { return 0; }
Determining if the include file pthread.h exists passed with the following output:
Change Dir: /home/FE/pilz/working/srsLTE/debug/CMakeFiles/CMakeTmp

Run Build Command:"/usr/bin/make" "cmTC_a7067/fast"
/usr/bin/make -f CMakeFiles/cmTC_a7067.dir/build.make CMakeFiles/cmTC_a7067.dir/build
make[1]: Entering directory '/home/FE/pilz/working/srsLTE/debug/CMakeFiles/CMakeTmp'
Building C object CMakeFiles/cmTC_a7067.dir/CheckIncludeFile.c.o
/usr/bin/cc     -o CMakeFiles/cmTC_a7067.dir/CheckIncludeFile.c.o   -c /home/FE/pilz/working/srsLTE/debug/CMakeFiles/CMakeTmp/CheckIncludeFile.c
Linking C executable cmTC_a7067
/usr/bin/cmake -E cmake_link_script CMakeFiles/cmTC_a7067.dir/link.txt --verbose=1
/usr/bin/cc       CMakeFiles/cmTC_a7067.dir/CheckIncludeFile.c.o  -o cmTC_a7067 -rdynamic 
make[1]: Leaving directory '/home/FE/pilz/working/srsLTE/debug/CMakeFiles/CMakeTmp'


Determining if the function pthread_create exists in the pthread passed with the following output:
Change Dir: /home/FE/pilz/working/srsLTE/debug/CMakeFiles/CMakeTmp

Run Build Command:"/usr/bin/make" "cmTC_1f035/fast"
/usr/bin/make -f CMakeFiles/cmTC_1f035.dir/build.make CMakeFiles/cmTC_1f035.dir/build
make[1]: Entering directory '/home/FE/pilz/working/srsLTE/debug/CMakeFiles/CMakeTmp'
Building C object CMakeFiles/cmTC_1f035.dir/CheckFunctionExists.c.o
/usr/bin/cc    -DCHECK_FUNCTION_EXISTS=pthread_create   -o CMakeFiles/cmTC_1f035.dir/CheckFunctionExists.c.o   -c /usr/share/cmake-3.5/Modules/CheckFunctionExists.c
Linking C executable cmTC_1f035
/usr/bin/cmake -E cmake_link_script CMakeFiles/cmTC_1f035.dir/link.txt --verbose=1
/usr/bin/cc   -DCHECK_FUNCTION_EXISTS=pthread_create    CMakeFiles/cmTC_1f035.dir/CheckFunctionExists.c.o  -o cmTC_1f035 -rdynamic -lpthread 
make[1]: Leaving directory '/home/FE/pilz/working/srsLTE/debug/CMakeFiles/CMakeTmp'


Performing C SOURCE FILE Test HAVE_SSE succeeded with the following output:
Change Dir: /home/FE/pilz/working/srsLTE/debug/CMakeFiles/CMakeTmp

Run Build Command:"/usr/bin/make" "cmTC_e0523/fast"
/usr/bin/make -f CMakeFiles/cmTC_e0523.dir/build.make CMakeFiles/cmTC_e0523.dir/build
make[1]: Entering directory '/home/FE/pilz/working/srsLTE/debug/CMakeFiles/CMakeTmp'
Building C object CMakeFiles/cmTC_e0523.dir/src.c.o
/usr/bin/cc    -DHAVE_SSE -msse4.1   -o CMakeFiles/cmTC_e0523.dir/src.c.o   -c /home/FE/pilz/working/srsLTE/debug/CMakeFiles/CMakeTmp/src.c
Linking C executable cmTC_e0523
/usr/bin/cmake -E cmake_link_script CMakeFiles/cmTC_e0523.dir/link.txt --verbose=1
/usr/bin/cc   -DHAVE_SSE -msse4.1    CMakeFiles/cmTC_e0523.dir/src.c.o  -o cmTC_e0523 -rdynamic 
make[1]: Leaving directory '/home/FE/pilz/working/srsLTE/debug/CMakeFiles/CMakeTmp'

Return value: 1
Source file was:

        #include <emmintrin.h>
        #include <smmintrin.h>

        int main()
        {
        __m128i a = _mm_setzero_si128();
        __m128i b = _mm_minpos_epu16(a);
        return 0;
        }
Performing C SOURCE FILE Test HAVE_AVX succeeded with the following output:
Change Dir: /home/FE/pilz/working/srsLTE/debug/CMakeFiles/CMakeTmp

Run Build Command:"/usr/bin/make" "cmTC_62222/fast"
/usr/bin/make -f CMakeFiles/cmTC_62222.dir/build.make CMakeFiles/cmTC_62222.dir/build
make[1]: Entering directory '/home/FE/pilz/working/srsLTE/debug/CMakeFiles/CMakeTmp'
Building C object CMakeFiles/cmTC_62222.dir/src.c.o
/usr/bin/cc    -DHAVE_AVX -mavx   -o CMakeFiles/cmTC_62222.dir/src.c.o   -c /home/FE/pilz/working/srsLTE/debug/CMakeFiles/CMakeTmp/src.c
Linking C executable cmTC_62222
/usr/bin/cmake -E cmake_link_script CMakeFiles/cmTC_62222.dir/link.txt --verbose=1
/usr/bin/cc   -DHAVE_AVX -mavx    CMakeFiles/cmTC_62222.dir/src.c.o  -o cmTC_62222 -rdynamic 
make[1]: Leaving directory '/home/FE/pilz/working/srsLTE/debug/CMakeFiles/CMakeTmp'

Return value: 1
Source file was:

            #include <immintrin.h>
            int main()
            {
              __m256 a, b, c;
              const float src[8] = { 1.0f, 2.0f, 3.0f, 4.0f, 5.0f, 6.0f, 7.0f, 8.0f };
              float dst[8];
              a = _mm256_loadu_ps( src );
              b = _mm256_loadu_ps( src );
              c = _mm256_add_ps( a, b );
              _mm256_storeu_ps( dst, c );
              int i = 0;
              for( i = 0; i < 8; i++ ){
                if( ( src[i] + src[i] ) != dst[i] ){
                  return -1;
                }
              }
              return 0;
            }
Performing C SOURCE FILE Test HAVE_AVX2 succeeded with the following output:
Change Dir: /home/FE/pilz/working/srsLTE/debug/CMakeFiles/CMakeTmp

Run Build Command:"/usr/bin/make" "cmTC_34dd5/fast"
/usr/bin/make -f CMakeFiles/cmTC_34dd5.dir/build.make CMakeFiles/cmTC_34dd5.dir/build
make[1]: Entering directory '/home/FE/pilz/working/srsLTE/debug/CMakeFiles/CMakeTmp'
Building C object CMakeFiles/cmTC_34dd5.dir/src.c.o
/usr/bin/cc    -DHAVE_AVX2 -mavx2   -o CMakeFiles/cmTC_34dd5.dir/src.c.o   -c /home/FE/pilz/working/srsLTE/debug/CMakeFiles/CMakeTmp/src.c
Linking C executable cmTC_34dd5
/usr/bin/cmake -E cmake_link_script CMakeFiles/cmTC_34dd5.dir/link.txt --verbose=1
/usr/bin/cc   -DHAVE_AVX2 -mavx2    CMakeFiles/cmTC_34dd5.dir/src.c.o  -o cmTC_34dd5 -rdynamic 
make[1]: Leaving directory '/home/FE/pilz/working/srsLTE/debug/CMakeFiles/CMakeTmp'

Return value: 1
Source file was:

          #include <immintrin.h>
          int main()
          {
            __m256i a, b, c;
            const int src[8] = { 1, 2, 3, 4, 5, 6, 7, 8 };
            int dst[8];
            a =  _mm256_loadu_si256( (__m256i*)src );
            b =  _mm256_loadu_si256( (__m256i*)src );
            c = _mm256_add_epi32( a, b );
            _mm256_storeu_si256( (__m256i*)dst, c );
            int i = 0;
            for( i = 0; i < 8; i++ ){
              if( ( src[i] + src[i] ) != dst[i] ){
                return -1;
              }
            }
            return 0;
          }
Performing C SOURCE FILE Test HAVE_FMA succeeded with the following output:
Change Dir: /home/FE/pilz/working/srsLTE/debug/CMakeFiles/CMakeTmp

Run Build Command:"/usr/bin/make" "cmTC_92aaa/fast"
/usr/bin/make -f CMakeFiles/cmTC_92aaa.dir/build.make CMakeFiles/cmTC_92aaa.dir/build
make[1]: Entering directory '/home/FE/pilz/working/srsLTE/debug/CMakeFiles/CMakeTmp'
Building C object CMakeFiles/cmTC_92aaa.dir/src.c.o
/usr/bin/cc    -DHAVE_FMA -mfma   -o CMakeFiles/cmTC_92aaa.dir/src.c.o   -c /home/FE/pilz/working/srsLTE/debug/CMakeFiles/CMakeTmp/src.c
Linking C executable cmTC_92aaa
/usr/bin/cmake -E cmake_link_script CMakeFiles/cmTC_92aaa.dir/link.txt --verbose=1
/usr/bin/cc   -DHAVE_FMA -mfma    CMakeFiles/cmTC_92aaa.dir/src.c.o  -o cmTC_92aaa -rdynamic 
make[1]: Leaving directory '/home/FE/pilz/working/srsLTE/debug/CMakeFiles/CMakeTmp'

Return value: 1
Source file was:

            #include <immintrin.h>
            int main()
            {
              __m256 a, b, c, r;
              const float src[8] = { 1.0f, 2.0f, 3.0f, 4.0f, 5.0f, 6.0f, 7.0f, 8.0f };
              float dst[8];
              a = _mm256_loadu_ps( src );
              b = _mm256_loadu_ps( src );
              c = _mm256_loadu_ps( src );
              r = _mm256_fmadd_ps( a, b, c );
              _mm256_storeu_ps( dst, r );
              int i = 0;
              for( i = 0; i < 8; i++ ){
                if( ( src[i] * src[i] + src[i] ) != dst[i] ){
                  return -1;
                }
              }
              return 0;
            }
Performing C++ SOURCE FILE Test HAVE_ERROR_INCOMPATIBLE succeeded with the following output:
Change Dir: /home/FE/pilz/working/srsLTE/debug/CMakeFiles/CMakeTmp

Run Build Command:"/usr/bin/make" "cmTC_aa598/fast"
/usr/bin/make -f CMakeFiles/cmTC_aa598.dir/build.make CMakeFiles/cmTC_aa598.dir/build
make[1]: Entering directory '/home/FE/pilz/working/srsLTE/debug/CMakeFiles/CMakeTmp'
Building CXX object CMakeFiles/cmTC_aa598.dir/src.cxx.o
/usr/bin/c++     -march=native -Wall -Wno-comment -Wno-reorder -Wno-unused-but-set-variable -Wno-unused-variable -Wformat -Wmissing-field-initializers -Wtype-limits -std=c++03 -mfpmath=sse -mavx2 -DLV_HAVE_AVX2 -DLV_HAVE_AVX -DLV_HAVE_SSE -DHAVE_ERROR_INCOMPATIBLE -mavx512f   -Werror=incompatible-pointer-types -o CMakeFiles/cmTC_aa598.dir/src.cxx.o -c /home/FE/pilz/working/srsLTE/debug/CMakeFiles/CMakeTmp/src.cxx
Linking CXX executable cmTC_aa598
/usr/bin/cmake -E cmake_link_script CMakeFiles/cmTC_aa598.dir/link.txt --verbose=1
/usr/bin/c++    -march=native -Wall -Wno-comment -Wno-reorder -Wno-unused-but-set-variable -Wno-unused-variable -Wformat -Wmissing-field-initializers -Wtype-limits -std=c++03 -mfpmath=sse -mavx2 -DLV_HAVE_AVX2 -DLV_HAVE_AVX -DLV_HAVE_SSE -DHAVE_ERROR_INCOMPATIBLE -mavx512f    CMakeFiles/cmTC_aa598.dir/src.cxx.o  -o cmTC_aa598 -rdynamic 
make[1]: Leaving directory '/home/FE/pilz/working/srsLTE/debug/CMakeFiles/CMakeTmp'

Source file was:
int main() { return 0; }
Determining if the include file pthread.h exists passed with the following output:
Change Dir: /home/FE/pilz/working/srsLTE/debug/CMakeFiles/CMakeTmp

Run Build Command:"/usr/bin/make" "cmTC_42484/fast"
/usr/bin/make -f CMakeFiles/cmTC_42484.dir/build.make CMakeFiles/cmTC_42484.dir/build
make[1]: Entering directory '/home/FE/pilz/working/srsLTE/debug/CMakeFiles/CMakeTmp'
Building C object CMakeFiles/cmTC_42484.dir/CheckIncludeFile.c.o
/usr/bin/cc     -o CMakeFiles/cmTC_42484.dir/CheckIncludeFile.c.o   -c /home/FE/pilz/working/srsLTE/debug/CMakeFiles/CMakeTmp/CheckIncludeFile.c
Linking C executable cmTC_42484
/usr/bin/cmake -E cmake_link_script CMakeFiles/cmTC_42484.dir/link.txt --verbose=1
/usr/bin/cc       CMakeFiles/cmTC_42484.dir/CheckIncludeFile.c.o  -o cmTC_42484 -rdynamic 
make[1]: Leaving directory '/home/FE/pilz/working/srsLTE/debug/CMakeFiles/CMakeTmp'


Determining if the function pthread_create exists in the pthread passed with the following output:
Change Dir: /home/FE/pilz/working/srsLTE/debug/CMakeFiles/CMakeTmp

Run Build Command:"/usr/bin/make" "cmTC_333a8/fast"
/usr/bin/make -f CMakeFiles/cmTC_333a8.dir/build.make CMakeFiles/cmTC_333a8.dir/build
make[1]: Entering directory '/home/FE/pilz/working/srsLTE/debug/CMakeFiles/CMakeTmp'
Building C object CMakeFiles/cmTC_333a8.dir/CheckFunctionExists.c.o
/usr/bin/cc    -DCHECK_FUNCTION_EXISTS=pthread_create   -o CMakeFiles/cmTC_333a8.dir/CheckFunctionExists.c.o   -c /usr/share/cmake-3.5/Modules/CheckFunctionExists.c
Linking C executable cmTC_333a8
/usr/bin/cmake -E cmake_link_script CMakeFiles/cmTC_333a8.dir/link.txt --verbose=1
/usr/bin/cc   -DCHECK_FUNCTION_EXISTS=pthread_create    CMakeFiles/cmTC_333a8.dir/CheckFunctionExists.c.o  -o cmTC_333a8 -rdynamic -lpthread 
make[1]: Leaving directory '/home/FE/pilz/working/srsLTE/debug/CMakeFiles/CMakeTmp'


Performing C SOURCE FILE Test HAVE_SSE succeeded with the following output:
Change Dir: /home/FE/pilz/working/srsLTE/debug/CMakeFiles/CMakeTmp

Run Build Command:"/usr/bin/make" "cmTC_87201/fast"
/usr/bin/make -f CMakeFiles/cmTC_87201.dir/build.make CMakeFiles/cmTC_87201.dir/build
make[1]: Entering directory '/home/FE/pilz/working/srsLTE/debug/CMakeFiles/CMakeTmp'
Building C object CMakeFiles/cmTC_87201.dir/src.c.o
/usr/bin/cc    -DHAVE_SSE -msse4.1   -o CMakeFiles/cmTC_87201.dir/src.c.o   -c /home/FE/pilz/working/srsLTE/debug/CMakeFiles/CMakeTmp/src.c
Linking C executable cmTC_87201
/usr/bin/cmake -E cmake_link_script CMakeFiles/cmTC_87201.dir/link.txt --verbose=1
/usr/bin/cc   -DHAVE_SSE -msse4.1    CMakeFiles/cmTC_87201.dir/src.c.o  -o cmTC_87201 -rdynamic 
make[1]: Leaving directory '/home/FE/pilz/working/srsLTE/debug/CMakeFiles/CMakeTmp'

Return value: 1
Source file was:

        #include <emmintrin.h>
        #include <smmintrin.h>

        int main()
        {
        __m128i a = _mm_setzero_si128();
        __m128i b = _mm_minpos_epu16(a);
        return 0;
        }
Performing C SOURCE FILE Test HAVE_AVX succeeded with the following output:
Change Dir: /home/FE/pilz/working/srsLTE/debug/CMakeFiles/CMakeTmp

Run Build Command:"/usr/bin/make" "cmTC_28f65/fast"
/usr/bin/make -f CMakeFiles/cmTC_28f65.dir/build.make CMakeFiles/cmTC_28f65.dir/build
make[1]: Entering directory '/home/FE/pilz/working/srsLTE/debug/CMakeFiles/CMakeTmp'
Building C object CMakeFiles/cmTC_28f65.dir/src.c.o
/usr/bin/cc    -DHAVE_AVX -mavx   -o CMakeFiles/cmTC_28f65.dir/src.c.o   -c /home/FE/pilz/working/srsLTE/debug/CMakeFiles/CMakeTmp/src.c
Linking C executable cmTC_28f65
/usr/bin/cmake -E cmake_link_script CMakeFiles/cmTC_28f65.dir/link.txt --verbose=1
/usr/bin/cc   -DHAVE_AVX -mavx    CMakeFiles/cmTC_28f65.dir/src.c.o  -o cmTC_28f65 -rdynamic 
make[1]: Leaving directory '/home/FE/pilz/working/srsLTE/debug/CMakeFiles/CMakeTmp'

Return value: 1
Source file was:

            #include <immintrin.h>
            int main()
            {
              __m256 a, b, c;
              const float src[8] = { 1.0f, 2.0f, 3.0f, 4.0f, 5.0f, 6.0f, 7.0f, 8.0f };
              float dst[8];
              a = _mm256_loadu_ps( src );
              b = _mm256_loadu_ps( src );
              c = _mm256_add_ps( a, b );
              _mm256_storeu_ps( dst, c );
              int i = 0;
              for( i = 0; i < 8; i++ ){
                if( ( src[i] + src[i] ) != dst[i] ){
                  return -1;
                }
              }
              return 0;
            }
Performing C SOURCE FILE Test HAVE_AVX2 succeeded with the following output:
Change Dir: /home/FE/pilz/working/srsLTE/debug/CMakeFiles/CMakeTmp

Run Build Command:"/usr/bin/make" "cmTC_50f8e/fast"
/usr/bin/make -f CMakeFiles/cmTC_50f8e.dir/build.make CMakeFiles/cmTC_50f8e.dir/build
make[1]: Entering directory '/home/FE/pilz/working/srsLTE/debug/CMakeFiles/CMakeTmp'
Building C object CMakeFiles/cmTC_50f8e.dir/src.c.o
/usr/bin/cc    -DHAVE_AVX2 -mavx2   -o CMakeFiles/cmTC_50f8e.dir/src.c.o   -c /home/FE/pilz/working/srsLTE/debug/CMakeFiles/CMakeTmp/src.c
Linking C executable cmTC_50f8e
/usr/bin/cmake -E cmake_link_script CMakeFiles/cmTC_50f8e.dir/link.txt --verbose=1
/usr/bin/cc   -DHAVE_AVX2 -mavx2    CMakeFiles/cmTC_50f8e.dir/src.c.o  -o cmTC_50f8e -rdynamic 
make[1]: Leaving directory '/home/FE/pilz/working/srsLTE/debug/CMakeFiles/CMakeTmp'

Return value: 1
Source file was:

          #include <immintrin.h>
          int main()
          {
            __m256i a, b, c;
            const int src[8] = { 1, 2, 3, 4, 5, 6, 7, 8 };
            int dst[8];
            a =  _mm256_loadu_si256( (__m256i*)src );
            b =  _mm256_loadu_si256( (__m256i*)src );
            c = _mm256_add_epi32( a, b );
            _mm256_storeu_si256( (__m256i*)dst, c );
            int i = 0;
            for( i = 0; i < 8; i++ ){
              if( ( src[i] + src[i] ) != dst[i] ){
                return -1;
              }
            }
            return 0;
          }
Performing C SOURCE FILE Test HAVE_FMA succeeded with the following output:
Change Dir: /home/FE/pilz/working/srsLTE/debug/CMakeFiles/CMakeTmp

Run Build Command:"/usr/bin/make" "cmTC_640e6/fast"
/usr/bin/make -f CMakeFiles/cmTC_640e6.dir/build.make CMakeFiles/cmTC_640e6.dir/build
make[1]: Entering directory '/home/FE/pilz/working/srsLTE/debug/CMakeFiles/CMakeTmp'
Building C object CMakeFiles/cmTC_640e6.dir/src.c.o
/usr/bin/cc    -DHAVE_FMA -mfma   -o CMakeFiles/cmTC_640e6.dir/src.c.o   -c /home/FE/pilz/working/srsLTE/debug/CMakeFiles/CMakeTmp/src.c
Linking C executable cmTC_640e6
/usr/bin/cmake -E cmake_link_script CMakeFiles/cmTC_640e6.dir/link.txt --verbose=1
/usr/bin/cc   -DHAVE_FMA -mfma    CMakeFiles/cmTC_640e6.dir/src.c.o  -o cmTC_640e6 -rdynamic 
make[1]: Leaving directory '/home/FE/pilz/working/srsLTE/debug/CMakeFiles/CMakeTmp'

Return value: 1
Source file was:

            #include <immintrin.h>
            int main()
            {
              __m256 a, b, c, r;
              const float src[8] = { 1.0f, 2.0f, 3.0f, 4.0f, 5.0f, 6.0f, 7.0f, 8.0f };
              float dst[8];
              a = _mm256_loadu_ps( src );
              b = _mm256_loadu_ps( src );
              c = _mm256_loadu_ps( src );
              r = _mm256_fmadd_ps( a, b, c );
              _mm256_storeu_ps( dst, r );
              int i = 0;
              for( i = 0; i < 8; i++ ){
                if( ( src[i] * src[i] + src[i] ) != dst[i] ){
                  return -1;
                }
              }
              return 0;
            }
Performing C++ SOURCE FILE Test HAVE_ERROR_INCOMPATIBLE succeeded with the following output:
Change Dir: /home/FE/pilz/working/srsLTE/debug/CMakeFiles/CMakeTmp

Run Build Command:"/usr/bin/make" "cmTC_856b1/fast"
/usr/bin/make -f CMakeFiles/cmTC_856b1.dir/build.make CMakeFiles/cmTC_856b1.dir/build
make[1]: Entering directory '/home/FE/pilz/working/srsLTE/debug/CMakeFiles/CMakeTmp'
Building CXX object CMakeFiles/cmTC_856b1.dir/src.cxx.o
/usr/bin/c++     -march=native -Wall -Wno-comment -Wno-reorder -Wno-unused-but-set-variable -Wno-unused-variable -Wformat -Wmissing-field-initializers -Wtype-limits -std=c++03 -mfpmath=sse -mavx2 -DLV_HAVE_AVX2 -DLV_HAVE_AVX -DLV_HAVE_SSE -DHAVE_ERROR_INCOMPATIBLE -mavx512f   -Werror=incompatible-pointer-types -o CMakeFiles/cmTC_856b1.dir/src.cxx.o -c /home/FE/pilz/working/srsLTE/debug/CMakeFiles/CMakeTmp/src.cxx
Linking CXX executable cmTC_856b1
/usr/bin/cmake -E cmake_link_script CMakeFiles/cmTC_856b1.dir/link.txt --verbose=1
/usr/bin/c++    -march=native -Wall -Wno-comment -Wno-reorder -Wno-unused-but-set-variable -Wno-unused-variable -Wformat -Wmissing-field-initializers -Wtype-limits -std=c++03 -mfpmath=sse -mavx2 -DLV_HAVE_AVX2 -DLV_HAVE_AVX -DLV_HAVE_SSE -DHAVE_ERROR_INCOMPATIBLE -mavx512f    CMakeFiles/cmTC_856b1.dir/src.cxx.o  -o cmTC_856b1 -rdynamic 
make[1]: Leaving directory '/home/FE/pilz/working/srsLTE/debug/CMakeFiles/CMakeTmp'

Source file was:
int main() { return 0; }
Determining if the include file pthread.h exists passed with the following output:
Change Dir: /home/FE/pilz/working/srsLTE/debug/CMakeFiles/CMakeTmp

Run Build Command:"/usr/bin/make" "cmTC_5c12a/fast"
/usr/bin/make -f CMakeFiles/cmTC_5c12a.dir/build.make CMakeFiles/cmTC_5c12a.dir/build
make[1]: Entering directory '/home/FE/pilz/working/srsLTE/debug/CMakeFiles/CMakeTmp'
Building C object CMakeFiles/cmTC_5c12a.dir/CheckIncludeFile.c.o
/usr/bin/cc     -o CMakeFiles/cmTC_5c12a.dir/CheckIncludeFile.c.o   -c /home/FE/pilz/working/srsLTE/debug/CMakeFiles/CMakeTmp/CheckIncludeFile.c
Linking C executable cmTC_5c12a
/usr/bin/cmake -E cmake_link_script CMakeFiles/cmTC_5c12a.dir/link.txt --verbose=1
/usr/bin/cc       CMakeFiles/cmTC_5c12a.dir/CheckIncludeFile.c.o  -o cmTC_5c12a -rdynamic 
make[1]: Leaving directory '/home/FE/pilz/working/srsLTE/debug/CMakeFiles/CMakeTmp'


Determining if the function pthread_create exists in the pthread passed with the following output:
Change Dir: /home/FE/pilz/working/srsLTE/debug/CMakeFiles/CMakeTmp

Run Build Command:"/usr/bin/make" "cmTC_5353f/fast"
/usr/bin/make -f CMakeFiles/cmTC_5353f.dir/build.make CMakeFiles/cmTC_5353f.dir/build
make[1]: Entering directory '/home/FE/pilz/working/srsLTE/debug/CMakeFiles/CMakeTmp'
Building C object CMakeFiles/cmTC_5353f.dir/CheckFunctionExists.c.o
/usr/bin/cc    -DCHECK_FUNCTION_EXISTS=pthread_create   -o CMakeFiles/cmTC_5353f.dir/CheckFunctionExists.c.o   -c /usr/share/cmake-3.5/Modules/CheckFunctionExists.c
Linking C executable cmTC_5353f
/usr/bin/cmake -E cmake_link_script CMakeFiles/cmTC_5353f.dir/link.txt --verbose=1
/usr/bin/cc   -DCHECK_FUNCTION_EXISTS=pthread_create    CMakeFiles/cmTC_5353f.dir/CheckFunctionExists.c.o  -o cmTC_5353f -rdynamic -lpthread 
make[1]: Leaving directory '/home/FE/pilz/working/srsLTE/debug/CMakeFiles/CMakeTmp'


Performing C SOURCE FILE Test HAVE_SSE succeeded with the following output:
Change Dir: /home/FE/pilz/working/srsLTE/debug/CMakeFiles/CMakeTmp

Run Build Command:"/usr/bin/make" "cmTC_9b220/fast"
/usr/bin/make -f CMakeFiles/cmTC_9b220.dir/build.make CMakeFiles/cmTC_9b220.dir/build
make[1]: Entering directory '/home/FE/pilz/working/srsLTE/debug/CMakeFiles/CMakeTmp'
Building C object CMakeFiles/cmTC_9b220.dir/src.c.o
/usr/bin/cc    -DHAVE_SSE -msse4.1   -o CMakeFiles/cmTC_9b220.dir/src.c.o   -c /home/FE/pilz/working/srsLTE/debug/CMakeFiles/CMakeTmp/src.c
Linking C executable cmTC_9b220
/usr/bin/cmake -E cmake_link_script CMakeFiles/cmTC_9b220.dir/link.txt --verbose=1
/usr/bin/cc   -DHAVE_SSE -msse4.1    CMakeFiles/cmTC_9b220.dir/src.c.o  -o cmTC_9b220 -rdynamic 
make[1]: Leaving directory '/home/FE/pilz/working/srsLTE/debug/CMakeFiles/CMakeTmp'

Return value: 1
Source file was:

        #include <emmintrin.h>
        #include <smmintrin.h>

        int main()
        {
        __m128i a = _mm_setzero_si128();
        __m128i b = _mm_minpos_epu16(a);
        return 0;
        }
Performing C SOURCE FILE Test HAVE_AVX succeeded with the following output:
Change Dir: /home/FE/pilz/working/srsLTE/debug/CMakeFiles/CMakeTmp

Run Build Command:"/usr/bin/make" "cmTC_0ea9f/fast"
/usr/bin/make -f CMakeFiles/cmTC_0ea9f.dir/build.make CMakeFiles/cmTC_0ea9f.dir/build
make[1]: Entering directory '/home/FE/pilz/working/srsLTE/debug/CMakeFiles/CMakeTmp'
Building C object CMakeFiles/cmTC_0ea9f.dir/src.c.o
/usr/bin/cc    -DHAVE_AVX -mavx   -o CMakeFiles/cmTC_0ea9f.dir/src.c.o   -c /home/FE/pilz/working/srsLTE/debug/CMakeFiles/CMakeTmp/src.c
Linking C executable cmTC_0ea9f
/usr/bin/cmake -E cmake_link_script CMakeFiles/cmTC_0ea9f.dir/link.txt --verbose=1
/usr/bin/cc   -DHAVE_AVX -mavx    CMakeFiles/cmTC_0ea9f.dir/src.c.o  -o cmTC_0ea9f -rdynamic 
make[1]: Leaving directory '/home/FE/pilz/working/srsLTE/debug/CMakeFiles/CMakeTmp'

Return value: 1
Source file was:

            #include <immintrin.h>
            int main()
            {
              __m256 a, b, c;
              const float src[8] = { 1.0f, 2.0f, 3.0f, 4.0f, 5.0f, 6.0f, 7.0f, 8.0f };
              float dst[8];
              a = _mm256_loadu_ps( src );
              b = _mm256_loadu_ps( src );
              c = _mm256_add_ps( a, b );
              _mm256_storeu_ps( dst, c );
              int i = 0;
              for( i = 0; i < 8; i++ ){
                if( ( src[i] + src[i] ) != dst[i] ){
                  return -1;
                }
              }
              return 0;
            }
Performing C SOURCE FILE Test HAVE_AVX2 succeeded with the following output:
Change Dir: /home/FE/pilz/working/srsLTE/debug/CMakeFiles/CMakeTmp

Run Build Command:"/usr/bin/make" "cmTC_f38eb/fast"
/usr/bin/make -f CMakeFiles/cmTC_f38eb.dir/build.make CMakeFiles/cmTC_f38eb.dir/build
make[1]: Entering directory '/home/FE/pilz/working/srsLTE/debug/CMakeFiles/CMakeTmp'
Building C object CMakeFiles/cmTC_f38eb.dir/src.c.o
/usr/bin/cc    -DHAVE_AVX2 -mavx2   -o CMakeFiles/cmTC_f38eb.dir/src.c.o   -c /home/FE/pilz/working/srsLTE/debug/CMakeFiles/CMakeTmp/src.c
Linking C executable cmTC_f38eb
/usr/bin/cmake -E cmake_link_script CMakeFiles/cmTC_f38eb.dir/link.txt --verbose=1
/usr/bin/cc   -DHAVE_AVX2 -mavx2    CMakeFiles/cmTC_f38eb.dir/src.c.o  -o cmTC_f38eb -rdynamic 
make[1]: Leaving directory '/home/FE/pilz/working/srsLTE/debug/CMakeFiles/CMakeTmp'

Return value: 1
Source file was:

          #include <immintrin.h>
          int main()
          {
            __m256i a, b, c;
            const int src[8] = { 1, 2, 3, 4, 5, 6, 7, 8 };
            int dst[8];
            a =  _mm256_loadu_si256( (__m256i*)src );
            b =  _mm256_loadu_si256( (__m256i*)src );
            c = _mm256_add_epi32( a, b );
            _mm256_storeu_si256( (__m256i*)dst, c );
            int i = 0;
            for( i = 0; i < 8; i++ ){
              if( ( src[i] + src[i] ) != dst[i] ){
                return -1;
              }
            }
            return 0;
          }
Performing C SOURCE FILE Test HAVE_FMA succeeded with the following output:
Change Dir: /home/FE/pilz/working/srsLTE/debug/CMakeFiles/CMakeTmp

Run Build Command:"/usr/bin/make" "cmTC_2f0af/fast"
/usr/bin/make -f CMakeFiles/cmTC_2f0af.dir/build.make CMakeFiles/cmTC_2f0af.dir/build
make[1]: Entering directory '/home/FE/pilz/working/srsLTE/debug/CMakeFiles/CMakeTmp'
Building C object CMakeFiles/cmTC_2f0af.dir/src.c.o
/usr/bin/cc    -DHAVE_FMA -mfma   -o CMakeFiles/cmTC_2f0af.dir/src.c.o   -c /home/FE/pilz/working/srsLTE/debug/CMakeFiles/CMakeTmp/src.c
Linking C executable cmTC_2f0af
/usr/bin/cmake -E cmake_link_script CMakeFiles/cmTC_2f0af.dir/link.txt --verbose=1
/usr/bin/cc   -DHAVE_FMA -mfma    CMakeFiles/cmTC_2f0af.dir/src.c.o  -o cmTC_2f0af -rdynamic 
make[1]: Leaving directory '/home/FE/pilz/working/srsLTE/debug/CMakeFiles/CMakeTmp'

Return value: 1
Source file was:

            #include <immintrin.h>
            int main()
            {
              __m256 a, b, c, r;
              const float src[8] = { 1.0f, 2.0f, 3.0f, 4.0f, 5.0f, 6.0f, 7.0f, 8.0f };
              float dst[8];
              a = _mm256_loadu_ps( src );
              b = _mm256_loadu_ps( src );
              c = _mm256_loadu_ps( src );
              r = _mm256_fmadd_ps( a, b, c );
              _mm256_storeu_ps( dst, r );
              int i = 0;
              for( i = 0; i < 8; i++ ){
                if( ( src[i] * src[i] + src[i] ) != dst[i] ){
                  return -1;
                }
              }
              return 0;
            }
Performing C++ SOURCE FILE Test HAVE_ERROR_INCOMPATIBLE succeeded with the following output:
Change Dir: /home/FE/pilz/working/srsLTE/debug/CMakeFiles/CMakeTmp

Run Build Command:"/usr/bin/make" "cmTC_47dea/fast"
/usr/bin/make -f CMakeFiles/cmTC_47dea.dir/build.make CMakeFiles/cmTC_47dea.dir/build
make[1]: Entering directory '/home/FE/pilz/working/srsLTE/debug/CMakeFiles/CMakeTmp'
Building CXX object CMakeFiles/cmTC_47dea.dir/src.cxx.o
/usr/bin/c++     -march=native -Wall -Wno-comment -Wno-reorder -Wno-unused-but-set-variable -Wno-unused-variable -Wformat -Wmissing-field-initializers -Wtype-limits -std=c++03 -mfpmath=sse -mavx2 -DLV_HAVE_AVX2 -DLV_HAVE_AVX -DLV_HAVE_SSE -DHAVE_ERROR_INCOMPATIBLE -mavx512f   -Werror=incompatible-pointer-types -o CMakeFiles/cmTC_47dea.dir/src.cxx.o -c /home/FE/pilz/working/srsLTE/debug/CMakeFiles/CMakeTmp/src.cxx
Linking CXX executable cmTC_47dea
/usr/bin/cmake -E cmake_link_script CMakeFiles/cmTC_47dea.dir/link.txt --verbose=1
/usr/bin/c++    -march=native -Wall -Wno-comment -Wno-reorder -Wno-unused-but-set-variable -Wno-unused-variable -Wformat -Wmissing-field-initializers -Wtype-limits -std=c++03 -mfpmath=sse -mavx2 -DLV_HAVE_AVX2 -DLV_HAVE_AVX -DLV_HAVE_SSE -DHAVE_ERROR_INCOMPATIBLE -mavx512f    CMakeFiles/cmTC_47dea.dir/src.cxx.o  -o cmTC_47dea -rdynamic 
make[1]: Leaving directory '/home/FE/pilz/working/srsLTE/debug/CMakeFiles/CMakeTmp'

Source file was:
int main() { return 0; }
