Determining if the pthread_create exist failed with the following output:
Change Dir: /home/FE/pilz/working/srsLTE/debug/CMakeFiles/CMakeTmp

Run Build Command:"/usr/bin/make" "cmTC_13778/fast"
/usr/bin/make -f CMakeFiles/cmTC_13778.dir/build.make CMakeFiles/cmTC_13778.dir/build
make[1]: Entering directory '/home/FE/pilz/working/srsLTE/debug/CMakeFiles/CMakeTmp'
Building C object CMakeFiles/cmTC_13778.dir/CheckSymbolExists.c.o
/usr/bin/cc     -o CMakeFiles/cmTC_13778.dir/CheckSymbolExists.c.o   -c /home/FE/pilz/working/srsLTE/debug/CMakeFiles/CMakeTmp/CheckSymbolExists.c
Linking C executable cmTC_13778
/usr/bin/cmake -E cmake_link_script CMakeFiles/cmTC_13778.dir/link.txt --verbose=1
/usr/bin/cc       CMakeFiles/cmTC_13778.dir/CheckSymbolExists.c.o  -o cmTC_13778 -rdynamic 
CMakeFiles/cmTC_13778.dir/CheckSymbolExists.c.o: In function `main':
CheckSymbolExists.c:(.text+0x16): undefined reference to `pthread_create'
collect2: error: ld returned 1 exit status
CMakeFiles/cmTC_13778.dir/build.make:97: recipe for target 'cmTC_13778' failed
make[1]: *** [cmTC_13778] Error 1
make[1]: Leaving directory '/home/FE/pilz/working/srsLTE/debug/CMakeFiles/CMakeTmp'
Makefile:126: recipe for target 'cmTC_13778/fast' failed
make: *** [cmTC_13778/fast] Error 2

File /home/FE/pilz/working/srsLTE/debug/CMakeFiles/CMakeTmp/CheckSymbolExists.c:
/* */
#include <pthread.h>

int main(int argc, char** argv)
{
  (void)argv;
#ifndef pthread_create
  return ((int*)(&pthread_create))[argc];
#else
  (void)argc;
  return 0;
#endif
}

Determining if the function pthread_create exists in the pthreads failed with the following output:
Change Dir: /home/FE/pilz/working/srsLTE/debug/CMakeFiles/CMakeTmp

Run Build Command:"/usr/bin/make" "cmTC_234ca/fast"
/usr/bin/make -f CMakeFiles/cmTC_234ca.dir/build.make CMakeFiles/cmTC_234ca.dir/build
make[1]: Entering directory '/home/FE/pilz/working/srsLTE/debug/CMakeFiles/CMakeTmp'
Building C object CMakeFiles/cmTC_234ca.dir/CheckFunctionExists.c.o
/usr/bin/cc    -DCHECK_FUNCTION_EXISTS=pthread_create   -o CMakeFiles/cmTC_234ca.dir/CheckFunctionExists.c.o   -c /usr/share/cmake-3.5/Modules/CheckFunctionExists.c
Linking C executable cmTC_234ca
/usr/bin/cmake -E cmake_link_script CMakeFiles/cmTC_234ca.dir/link.txt --verbose=1
/usr/bin/cc   -DCHECK_FUNCTION_EXISTS=pthread_create    CMakeFiles/cmTC_234ca.dir/CheckFunctionExists.c.o  -o cmTC_234ca -rdynamic -lpthreads 
/usr/bin/ld: cannot find -lpthreads
collect2: error: ld returned 1 exit status
CMakeFiles/cmTC_234ca.dir/build.make:97: recipe for target 'cmTC_234ca' failed
make[1]: *** [cmTC_234ca] Error 1
make[1]: Leaving directory '/home/FE/pilz/working/srsLTE/debug/CMakeFiles/CMakeTmp'
Makefile:126: recipe for target 'cmTC_234ca/fast' failed
make: *** [cmTC_234ca/fast] Error 2


Performing C SOURCE FILE Test HAVE_AVX512 failed with the following output:
Change Dir: /home/FE/pilz/working/srsLTE/debug/CMakeFiles/CMakeTmp

Run Build Command:"/usr/bin/make" "cmTC_7872e/fast"
/usr/bin/make -f CMakeFiles/cmTC_7872e.dir/build.make CMakeFiles/cmTC_7872e.dir/build
make[1]: Entering directory '/home/FE/pilz/working/srsLTE/debug/CMakeFiles/CMakeTmp'
Building C object CMakeFiles/cmTC_7872e.dir/src.c.o
/usr/bin/cc    -DHAVE_AVX512 -mavx512f   -o CMakeFiles/cmTC_7872e.dir/src.c.o   -c /home/FE/pilz/working/srsLTE/debug/CMakeFiles/CMakeTmp/src.c
Linking C executable cmTC_7872e
/usr/bin/cmake -E cmake_link_script CMakeFiles/cmTC_7872e.dir/link.txt --verbose=1
/usr/bin/cc   -DHAVE_AVX512 -mavx512f    CMakeFiles/cmTC_7872e.dir/src.c.o  -o cmTC_7872e -rdynamic 
make[1]: Leaving directory '/home/FE/pilz/working/srsLTE/debug/CMakeFiles/CMakeTmp'

Return value: FAILED_TO_RUN
Source file was:

          #include <immintrin.h>
          int main()
          {
            __m512i a, b, c;
            const int src[16] = { 0x0, 0x1, 0x2, 0x3, 0x4, 0x5, 0x6, 0x7, 0x8 , 0x9, 0xA, 0xB, 0xC, 0xD, 0xE, 0xF};
            int dst[16];
            a =  _mm512_loadu_si512( (__m512i*)src );
            b =  _mm512_loadu_si512( (__m512i*)src );
            c = _mm512_add_epi32( a, b );
            _mm512_storeu_si512( (__m512i*)dst, c );
            int i = 0;
            for( i = 0; i < 16; i++ ){
              if( ( src[i] + src[i] ) != dst[i] ){
                return -1;
              }
            }
            return 0;
          }
Performing C++ SOURCE FILE Test HAVE_VISIBILITY_HIDDEN failed with the following output:
Change Dir: /home/FE/pilz/working/srsLTE/debug/CMakeFiles/CMakeTmp

Run Build Command:"/usr/bin/make" "cmTC_4349d/fast"
/usr/bin/make -f CMakeFiles/cmTC_4349d.dir/build.make CMakeFiles/cmTC_4349d.dir/build
make[1]: Entering directory '/home/FE/pilz/working/srsLTE/debug/CMakeFiles/CMakeTmp'
Building CXX object CMakeFiles/cmTC_4349d.dir/src.cxx.o
/usr/bin/c++     -march=native -Wall -Wno-comment -Wno-reorder -Wno-unused-but-set-variable -Wno-unused-variable -Wformat -Wmissing-field-initializers -Wtype-limits -std=c++03 -mfpmath=sse -mavx2 -DLV_HAVE_AVX2 -DLV_HAVE_AVX -DLV_HAVE_SSE -O3 -DBUILD_TYPE_RELEASE -DHAVE_VISIBILITY_HIDDEN  -march=native -Wall -Wno-comment -Wno-write-strings -Winline -Wno-unused-result -Wformat -Wmissing-field-initializers -Wtype-limits -std=c99 -D_GNU_SOURCE -O3 -DBUILD_TYPE_RELEASE -mfpmath=sse -mavx2 -DLV_HAVE_AVX2 -DLV_HAVE_AVX -DLV_HAVE_SSE -mfma -DLV_HAVE_FMA -Ofast -funroll-loops   -fvisibility=hidden -o CMakeFiles/cmTC_4349d.dir/src.cxx.o -c /home/FE/pilz/working/srsLTE/debug/CMakeFiles/CMakeTmp/src.cxx
cc1plus: warning: command line option '-std=c99' is valid for C/ObjC but not for C++
Linking CXX executable cmTC_4349d
/usr/bin/cmake -E cmake_link_script CMakeFiles/cmTC_4349d.dir/link.txt --verbose=1
/usr/bin/c++    -march=native -Wall -Wno-comment -Wno-reorder -Wno-unused-but-set-variable -Wno-unused-variable -Wformat -Wmissing-field-initializers -Wtype-limits -std=c++03 -mfpmath=sse -mavx2 -DLV_HAVE_AVX2 -DLV_HAVE_AVX -DLV_HAVE_SSE -O3 -DBUILD_TYPE_RELEASE -DHAVE_VISIBILITY_HIDDEN  -march=native -Wall -Wno-comment -Wno-write-strings -Winline -Wno-unused-result -Wformat -Wmissing-field-initializers -Wtype-limits -std=c99 -D_GNU_SOURCE -O3 -DBUILD_TYPE_RELEASE -mfpmath=sse -mavx2 -DLV_HAVE_AVX2 -DLV_HAVE_AVX -DLV_HAVE_SSE -mfma -DLV_HAVE_FMA -Ofast -funroll-loops    CMakeFiles/cmTC_4349d.dir/src.cxx.o  -o cmTC_4349d -rdynamic 
make[1]: Leaving directory '/home/FE/pilz/working/srsLTE/debug/CMakeFiles/CMakeTmp'

Source file was:
int main() { return 0; }
Determining if the pthread_create exist failed with the following output:
Change Dir: /home/FE/pilz/working/srsLTE/debug/CMakeFiles/CMakeTmp

Run Build Command:"/usr/bin/make" "cmTC_b5a39/fast"
/usr/bin/make -f CMakeFiles/cmTC_b5a39.dir/build.make CMakeFiles/cmTC_b5a39.dir/build
make[1]: Entering directory '/home/FE/pilz/working/srsLTE/debug/CMakeFiles/CMakeTmp'
Building C object CMakeFiles/cmTC_b5a39.dir/CheckSymbolExists.c.o
/usr/bin/cc     -o CMakeFiles/cmTC_b5a39.dir/CheckSymbolExists.c.o   -c /home/FE/pilz/working/srsLTE/debug/CMakeFiles/CMakeTmp/CheckSymbolExists.c
Linking C executable cmTC_b5a39
/usr/bin/cmake -E cmake_link_script CMakeFiles/cmTC_b5a39.dir/link.txt --verbose=1
/usr/bin/cc       CMakeFiles/cmTC_b5a39.dir/CheckSymbolExists.c.o  -o cmTC_b5a39 -rdynamic 
CMakeFiles/cmTC_b5a39.dir/CheckSymbolExists.c.o: In function `main':
CheckSymbolExists.c:(.text+0x16): undefined reference to `pthread_create'
collect2: error: ld returned 1 exit status
CMakeFiles/cmTC_b5a39.dir/build.make:97: recipe for target 'cmTC_b5a39' failed
make[1]: *** [cmTC_b5a39] Error 1
make[1]: Leaving directory '/home/FE/pilz/working/srsLTE/debug/CMakeFiles/CMakeTmp'
Makefile:126: recipe for target 'cmTC_b5a39/fast' failed
make: *** [cmTC_b5a39/fast] Error 2

File /home/FE/pilz/working/srsLTE/debug/CMakeFiles/CMakeTmp/CheckSymbolExists.c:
/* */
#include <pthread.h>

int main(int argc, char** argv)
{
  (void)argv;
#ifndef pthread_create
  return ((int*)(&pthread_create))[argc];
#else
  (void)argc;
  return 0;
#endif
}

Determining if the function pthread_create exists in the pthreads failed with the following output:
Change Dir: /home/FE/pilz/working/srsLTE/debug/CMakeFiles/CMakeTmp

Run Build Command:"/usr/bin/make" "cmTC_b6619/fast"
/usr/bin/make -f CMakeFiles/cmTC_b6619.dir/build.make CMakeFiles/cmTC_b6619.dir/build
make[1]: Entering directory '/home/FE/pilz/working/srsLTE/debug/CMakeFiles/CMakeTmp'
Building C object CMakeFiles/cmTC_b6619.dir/CheckFunctionExists.c.o
/usr/bin/cc    -DCHECK_FUNCTION_EXISTS=pthread_create   -o CMakeFiles/cmTC_b6619.dir/CheckFunctionExists.c.o   -c /usr/share/cmake-3.5/Modules/CheckFunctionExists.c
Linking C executable cmTC_b6619
/usr/bin/cmake -E cmake_link_script CMakeFiles/cmTC_b6619.dir/link.txt --verbose=1
/usr/bin/cc   -DCHECK_FUNCTION_EXISTS=pthread_create    CMakeFiles/cmTC_b6619.dir/CheckFunctionExists.c.o  -o cmTC_b6619 -rdynamic -lpthreads 
/usr/bin/ld: cannot find -lpthreads
collect2: error: ld returned 1 exit status
CMakeFiles/cmTC_b6619.dir/build.make:97: recipe for target 'cmTC_b6619' failed
make[1]: *** [cmTC_b6619] Error 1
make[1]: Leaving directory '/home/FE/pilz/working/srsLTE/debug/CMakeFiles/CMakeTmp'
Makefile:126: recipe for target 'cmTC_b6619/fast' failed
make: *** [cmTC_b6619/fast] Error 2


Performing C SOURCE FILE Test HAVE_AVX512 failed with the following output:
Change Dir: /home/FE/pilz/working/srsLTE/debug/CMakeFiles/CMakeTmp

Run Build Command:"/usr/bin/make" "cmTC_71af4/fast"
/usr/bin/make -f CMakeFiles/cmTC_71af4.dir/build.make CMakeFiles/cmTC_71af4.dir/build
make[1]: Entering directory '/home/FE/pilz/working/srsLTE/debug/CMakeFiles/CMakeTmp'
Building C object CMakeFiles/cmTC_71af4.dir/src.c.o
/usr/bin/cc    -DHAVE_AVX512 -mavx512f   -o CMakeFiles/cmTC_71af4.dir/src.c.o   -c /home/FE/pilz/working/srsLTE/debug/CMakeFiles/CMakeTmp/src.c
Linking C executable cmTC_71af4
/usr/bin/cmake -E cmake_link_script CMakeFiles/cmTC_71af4.dir/link.txt --verbose=1
/usr/bin/cc   -DHAVE_AVX512 -mavx512f    CMakeFiles/cmTC_71af4.dir/src.c.o  -o cmTC_71af4 -rdynamic 
make[1]: Leaving directory '/home/FE/pilz/working/srsLTE/debug/CMakeFiles/CMakeTmp'

Return value: FAILED_TO_RUN
Source file was:

          #include <immintrin.h>
          int main()
          {
            __m512i a, b, c;
            const int src[16] = { 0x0, 0x1, 0x2, 0x3, 0x4, 0x5, 0x6, 0x7, 0x8 , 0x9, 0xA, 0xB, 0xC, 0xD, 0xE, 0xF};
            int dst[16];
            a =  _mm512_loadu_si512( (__m512i*)src );
            b =  _mm512_loadu_si512( (__m512i*)src );
            c = _mm512_add_epi32( a, b );
            _mm512_storeu_si512( (__m512i*)dst, c );
            int i = 0;
            for( i = 0; i < 16; i++ ){
              if( ( src[i] + src[i] ) != dst[i] ){
                return -1;
              }
            }
            return 0;
          }
Performing C++ SOURCE FILE Test HAVE_VISIBILITY_HIDDEN failed with the following output:
Change Dir: /home/FE/pilz/working/srsLTE/debug/CMakeFiles/CMakeTmp

Run Build Command:"/usr/bin/make" "cmTC_c517c/fast"
/usr/bin/make -f CMakeFiles/cmTC_c517c.dir/build.make CMakeFiles/cmTC_c517c.dir/build
make[1]: Entering directory '/home/FE/pilz/working/srsLTE/debug/CMakeFiles/CMakeTmp'
Building CXX object CMakeFiles/cmTC_c517c.dir/src.cxx.o
/usr/bin/c++     -march=native -Wall -Wno-comment -Wno-reorder -Wno-unused-but-set-variable -Wno-unused-variable -Wformat -Wmissing-field-initializers -Wtype-limits -std=c++03 -mfpmath=sse -mavx2 -DLV_HAVE_AVX2 -DLV_HAVE_AVX -DLV_HAVE_SSE -ggdb -O0 -DDEBUG_MODE -DBUILD_TYPE_DEBUG -DHAVE_VISIBILITY_HIDDEN  -march=native -Wall -Wno-comment -Wno-write-strings -Winline -Wno-unused-result -Wformat -Wmissing-field-initializers -Wtype-limits -std=c99 -D_GNU_SOURCE -ggdb -O0 -DDEBUG_MODE -DBUILD_TYPE_DEBUG -mfpmath=sse -mavx2 -DLV_HAVE_AVX2 -DLV_HAVE_AVX -DLV_HAVE_SSE -mfma -DLV_HAVE_FMA   -fvisibility=hidden -o CMakeFiles/cmTC_c517c.dir/src.cxx.o -c /home/FE/pilz/working/srsLTE/debug/CMakeFiles/CMakeTmp/src.cxx
cc1plus: warning: command line option '-std=c99' is valid for C/ObjC but not for C++
Linking CXX executable cmTC_c517c
/usr/bin/cmake -E cmake_link_script CMakeFiles/cmTC_c517c.dir/link.txt --verbose=1
/usr/bin/c++    -march=native -Wall -Wno-comment -Wno-reorder -Wno-unused-but-set-variable -Wno-unused-variable -Wformat -Wmissing-field-initializers -Wtype-limits -std=c++03 -mfpmath=sse -mavx2 -DLV_HAVE_AVX2 -DLV_HAVE_AVX -DLV_HAVE_SSE -ggdb -O0 -DDEBUG_MODE -DBUILD_TYPE_DEBUG -DHAVE_VISIBILITY_HIDDEN  -march=native -Wall -Wno-comment -Wno-write-strings -Winline -Wno-unused-result -Wformat -Wmissing-field-initializers -Wtype-limits -std=c99 -D_GNU_SOURCE -ggdb -O0 -DDEBUG_MODE -DBUILD_TYPE_DEBUG -mfpmath=sse -mavx2 -DLV_HAVE_AVX2 -DLV_HAVE_AVX -DLV_HAVE_SSE -mfma -DLV_HAVE_FMA    CMakeFiles/cmTC_c517c.dir/src.cxx.o  -o cmTC_c517c -rdynamic 
make[1]: Leaving directory '/home/FE/pilz/working/srsLTE/debug/CMakeFiles/CMakeTmp'

Source file was:
int main() { return 0; }
Determining if the pthread_create exist failed with the following output:
Change Dir: /home/FE/pilz/working/srsLTE/debug/CMakeFiles/CMakeTmp

Run Build Command:"/usr/bin/make" "cmTC_1917d/fast"
/usr/bin/make -f CMakeFiles/cmTC_1917d.dir/build.make CMakeFiles/cmTC_1917d.dir/build
make[1]: Entering directory '/home/FE/pilz/working/srsLTE/debug/CMakeFiles/CMakeTmp'
Building C object CMakeFiles/cmTC_1917d.dir/CheckSymbolExists.c.o
/usr/bin/cc     -o CMakeFiles/cmTC_1917d.dir/CheckSymbolExists.c.o   -c /home/FE/pilz/working/srsLTE/debug/CMakeFiles/CMakeTmp/CheckSymbolExists.c
Linking C executable cmTC_1917d
/usr/bin/cmake -E cmake_link_script CMakeFiles/cmTC_1917d.dir/link.txt --verbose=1
/usr/bin/cc       CMakeFiles/cmTC_1917d.dir/CheckSymbolExists.c.o  -o cmTC_1917d -rdynamic 
CMakeFiles/cmTC_1917d.dir/CheckSymbolExists.c.o: In function `main':
CheckSymbolExists.c:(.text+0x16): undefined reference to `pthread_create'
collect2: error: ld returned 1 exit status
CMakeFiles/cmTC_1917d.dir/build.make:97: recipe for target 'cmTC_1917d' failed
make[1]: *** [cmTC_1917d] Error 1
make[1]: Leaving directory '/home/FE/pilz/working/srsLTE/debug/CMakeFiles/CMakeTmp'
Makefile:126: recipe for target 'cmTC_1917d/fast' failed
make: *** [cmTC_1917d/fast] Error 2

File /home/FE/pilz/working/srsLTE/debug/CMakeFiles/CMakeTmp/CheckSymbolExists.c:
/* */
#include <pthread.h>

int main(int argc, char** argv)
{
  (void)argv;
#ifndef pthread_create
  return ((int*)(&pthread_create))[argc];
#else
  (void)argc;
  return 0;
#endif
}

Determining if the function pthread_create exists in the pthreads failed with the following output:
Change Dir: /home/FE/pilz/working/srsLTE/debug/CMakeFiles/CMakeTmp

Run Build Command:"/usr/bin/make" "cmTC_452ea/fast"
/usr/bin/make -f CMakeFiles/cmTC_452ea.dir/build.make CMakeFiles/cmTC_452ea.dir/build
make[1]: Entering directory '/home/FE/pilz/working/srsLTE/debug/CMakeFiles/CMakeTmp'
Building C object CMakeFiles/cmTC_452ea.dir/CheckFunctionExists.c.o
/usr/bin/cc    -DCHECK_FUNCTION_EXISTS=pthread_create   -o CMakeFiles/cmTC_452ea.dir/CheckFunctionExists.c.o   -c /usr/share/cmake-3.5/Modules/CheckFunctionExists.c
Linking C executable cmTC_452ea
/usr/bin/cmake -E cmake_link_script CMakeFiles/cmTC_452ea.dir/link.txt --verbose=1
/usr/bin/cc   -DCHECK_FUNCTION_EXISTS=pthread_create    CMakeFiles/cmTC_452ea.dir/CheckFunctionExists.c.o  -o cmTC_452ea -rdynamic -lpthreads 
/usr/bin/ld: cannot find -lpthreads
collect2: error: ld returned 1 exit status
CMakeFiles/cmTC_452ea.dir/build.make:97: recipe for target 'cmTC_452ea' failed
make[1]: *** [cmTC_452ea] Error 1
make[1]: Leaving directory '/home/FE/pilz/working/srsLTE/debug/CMakeFiles/CMakeTmp'
Makefile:126: recipe for target 'cmTC_452ea/fast' failed
make: *** [cmTC_452ea/fast] Error 2


Performing C SOURCE FILE Test HAVE_AVX512 failed with the following output:
Change Dir: /home/FE/pilz/working/srsLTE/debug/CMakeFiles/CMakeTmp

Run Build Command:"/usr/bin/make" "cmTC_4d7f4/fast"
/usr/bin/make -f CMakeFiles/cmTC_4d7f4.dir/build.make CMakeFiles/cmTC_4d7f4.dir/build
make[1]: Entering directory '/home/FE/pilz/working/srsLTE/debug/CMakeFiles/CMakeTmp'
Building C object CMakeFiles/cmTC_4d7f4.dir/src.c.o
/usr/bin/cc    -DHAVE_AVX512 -mavx512f   -o CMakeFiles/cmTC_4d7f4.dir/src.c.o   -c /home/FE/pilz/working/srsLTE/debug/CMakeFiles/CMakeTmp/src.c
Linking C executable cmTC_4d7f4
/usr/bin/cmake -E cmake_link_script CMakeFiles/cmTC_4d7f4.dir/link.txt --verbose=1
/usr/bin/cc   -DHAVE_AVX512 -mavx512f    CMakeFiles/cmTC_4d7f4.dir/src.c.o  -o cmTC_4d7f4 -rdynamic 
make[1]: Leaving directory '/home/FE/pilz/working/srsLTE/debug/CMakeFiles/CMakeTmp'

Return value: FAILED_TO_RUN
Source file was:

          #include <immintrin.h>
          int main()
          {
            __m512i a, b, c;
            const int src[16] = { 0x0, 0x1, 0x2, 0x3, 0x4, 0x5, 0x6, 0x7, 0x8 , 0x9, 0xA, 0xB, 0xC, 0xD, 0xE, 0xF};
            int dst[16];
            a =  _mm512_loadu_si512( (__m512i*)src );
            b =  _mm512_loadu_si512( (__m512i*)src );
            c = _mm512_add_epi32( a, b );
            _mm512_storeu_si512( (__m512i*)dst, c );
            int i = 0;
            for( i = 0; i < 16; i++ ){
              if( ( src[i] + src[i] ) != dst[i] ){
                return -1;
              }
            }
            return 0;
          }
Performing C++ SOURCE FILE Test HAVE_VISIBILITY_HIDDEN failed with the following output:
Change Dir: /home/FE/pilz/working/srsLTE/debug/CMakeFiles/CMakeTmp

Run Build Command:"/usr/bin/make" "cmTC_a887f/fast"
/usr/bin/make -f CMakeFiles/cmTC_a887f.dir/build.make CMakeFiles/cmTC_a887f.dir/build
make[1]: Entering directory '/home/FE/pilz/working/srsLTE/debug/CMakeFiles/CMakeTmp'
Building CXX object CMakeFiles/cmTC_a887f.dir/src.cxx.o
/usr/bin/c++     -march=native -Wall -Wno-comment -Wno-reorder -Wno-unused-but-set-variable -Wno-unused-variable -Wformat -Wmissing-field-initializers -Wtype-limits -std=c++03 -mfpmath=sse -mavx2 -DLV_HAVE_AVX2 -DLV_HAVE_AVX -DLV_HAVE_SSE -ggdb -O0 -DDEBUG_MODE -DBUILD_TYPE_DEBUG -DHAVE_VISIBILITY_HIDDEN  -march=native -Wall -Wno-comment -Wno-write-strings -Winline -Wno-unused-result -Wformat -Wmissing-field-initializers -Wtype-limits -std=c99 -D_GNU_SOURCE -ggdb -O0 -DDEBUG_MODE -DBUILD_TYPE_DEBUG -mfpmath=sse -mavx2 -DLV_HAVE_AVX2 -DLV_HAVE_AVX -DLV_HAVE_SSE -mfma -DLV_HAVE_FMA   -fvisibility=hidden -o CMakeFiles/cmTC_a887f.dir/src.cxx.o -c /home/FE/pilz/working/srsLTE/debug/CMakeFiles/CMakeTmp/src.cxx
cc1plus: warning: command line option '-std=c99' is valid for C/ObjC but not for C++
Linking CXX executable cmTC_a887f
/usr/bin/cmake -E cmake_link_script CMakeFiles/cmTC_a887f.dir/link.txt --verbose=1
/usr/bin/c++    -march=native -Wall -Wno-comment -Wno-reorder -Wno-unused-but-set-variable -Wno-unused-variable -Wformat -Wmissing-field-initializers -Wtype-limits -std=c++03 -mfpmath=sse -mavx2 -DLV_HAVE_AVX2 -DLV_HAVE_AVX -DLV_HAVE_SSE -ggdb -O0 -DDEBUG_MODE -DBUILD_TYPE_DEBUG -DHAVE_VISIBILITY_HIDDEN  -march=native -Wall -Wno-comment -Wno-write-strings -Winline -Wno-unused-result -Wformat -Wmissing-field-initializers -Wtype-limits -std=c99 -D_GNU_SOURCE -ggdb -O0 -DDEBUG_MODE -DBUILD_TYPE_DEBUG -mfpmath=sse -mavx2 -DLV_HAVE_AVX2 -DLV_HAVE_AVX -DLV_HAVE_SSE -mfma -DLV_HAVE_FMA    CMakeFiles/cmTC_a887f.dir/src.cxx.o  -o cmTC_a887f -rdynamic 
make[1]: Leaving directory '/home/FE/pilz/working/srsLTE/debug/CMakeFiles/CMakeTmp'

Source file was:
int main() { return 0; }
Determining if the pthread_create exist failed with the following output:
Change Dir: /home/FE/pilz/working/srsLTE/debug/CMakeFiles/CMakeTmp

Run Build Command:"/usr/bin/make" "cmTC_28ed2/fast"
/usr/bin/make -f CMakeFiles/cmTC_28ed2.dir/build.make CMakeFiles/cmTC_28ed2.dir/build
make[1]: Entering directory '/home/FE/pilz/working/srsLTE/debug/CMakeFiles/CMakeTmp'
Building C object CMakeFiles/cmTC_28ed2.dir/CheckSymbolExists.c.o
/usr/bin/cc     -o CMakeFiles/cmTC_28ed2.dir/CheckSymbolExists.c.o   -c /home/FE/pilz/working/srsLTE/debug/CMakeFiles/CMakeTmp/CheckSymbolExists.c
Linking C executable cmTC_28ed2
/usr/bin/cmake -E cmake_link_script CMakeFiles/cmTC_28ed2.dir/link.txt --verbose=1
/usr/bin/cc       CMakeFiles/cmTC_28ed2.dir/CheckSymbolExists.c.o  -o cmTC_28ed2 -rdynamic 
CMakeFiles/cmTC_28ed2.dir/CheckSymbolExists.c.o: In function `main':
CheckSymbolExists.c:(.text+0x16): undefined reference to `pthread_create'
collect2: error: ld returned 1 exit status
CMakeFiles/cmTC_28ed2.dir/build.make:97: recipe for target 'cmTC_28ed2' failed
make[1]: *** [cmTC_28ed2] Error 1
make[1]: Leaving directory '/home/FE/pilz/working/srsLTE/debug/CMakeFiles/CMakeTmp'
Makefile:126: recipe for target 'cmTC_28ed2/fast' failed
make: *** [cmTC_28ed2/fast] Error 2

File /home/FE/pilz/working/srsLTE/debug/CMakeFiles/CMakeTmp/CheckSymbolExists.c:
/* */
#include <pthread.h>

int main(int argc, char** argv)
{
  (void)argv;
#ifndef pthread_create
  return ((int*)(&pthread_create))[argc];
#else
  (void)argc;
  return 0;
#endif
}

Determining if the function pthread_create exists in the pthreads failed with the following output:
Change Dir: /home/FE/pilz/working/srsLTE/debug/CMakeFiles/CMakeTmp

Run Build Command:"/usr/bin/make" "cmTC_0a993/fast"
/usr/bin/make -f CMakeFiles/cmTC_0a993.dir/build.make CMakeFiles/cmTC_0a993.dir/build
make[1]: Entering directory '/home/FE/pilz/working/srsLTE/debug/CMakeFiles/CMakeTmp'
Building C object CMakeFiles/cmTC_0a993.dir/CheckFunctionExists.c.o
/usr/bin/cc    -DCHECK_FUNCTION_EXISTS=pthread_create   -o CMakeFiles/cmTC_0a993.dir/CheckFunctionExists.c.o   -c /usr/share/cmake-3.5/Modules/CheckFunctionExists.c
Linking C executable cmTC_0a993
/usr/bin/cmake -E cmake_link_script CMakeFiles/cmTC_0a993.dir/link.txt --verbose=1
/usr/bin/cc   -DCHECK_FUNCTION_EXISTS=pthread_create    CMakeFiles/cmTC_0a993.dir/CheckFunctionExists.c.o  -o cmTC_0a993 -rdynamic -lpthreads 
/usr/bin/ld: cannot find -lpthreads
collect2: error: ld returned 1 exit status
CMakeFiles/cmTC_0a993.dir/build.make:97: recipe for target 'cmTC_0a993' failed
make[1]: *** [cmTC_0a993] Error 1
make[1]: Leaving directory '/home/FE/pilz/working/srsLTE/debug/CMakeFiles/CMakeTmp'
Makefile:126: recipe for target 'cmTC_0a993/fast' failed
make: *** [cmTC_0a993/fast] Error 2


Performing C SOURCE FILE Test HAVE_AVX512 failed with the following output:
Change Dir: /home/FE/pilz/working/srsLTE/debug/CMakeFiles/CMakeTmp

Run Build Command:"/usr/bin/make" "cmTC_c44f3/fast"
/usr/bin/make -f CMakeFiles/cmTC_c44f3.dir/build.make CMakeFiles/cmTC_c44f3.dir/build
make[1]: Entering directory '/home/FE/pilz/working/srsLTE/debug/CMakeFiles/CMakeTmp'
Building C object CMakeFiles/cmTC_c44f3.dir/src.c.o
/usr/bin/cc    -DHAVE_AVX512 -mavx512f   -o CMakeFiles/cmTC_c44f3.dir/src.c.o   -c /home/FE/pilz/working/srsLTE/debug/CMakeFiles/CMakeTmp/src.c
Linking C executable cmTC_c44f3
/usr/bin/cmake -E cmake_link_script CMakeFiles/cmTC_c44f3.dir/link.txt --verbose=1
/usr/bin/cc   -DHAVE_AVX512 -mavx512f    CMakeFiles/cmTC_c44f3.dir/src.c.o  -o cmTC_c44f3 -rdynamic 
make[1]: Leaving directory '/home/FE/pilz/working/srsLTE/debug/CMakeFiles/CMakeTmp'

Return value: FAILED_TO_RUN
Source file was:

          #include <immintrin.h>
          int main()
          {
            __m512i a, b, c;
            const int src[16] = { 0x0, 0x1, 0x2, 0x3, 0x4, 0x5, 0x6, 0x7, 0x8 , 0x9, 0xA, 0xB, 0xC, 0xD, 0xE, 0xF};
            int dst[16];
            a =  _mm512_loadu_si512( (__m512i*)src );
            b =  _mm512_loadu_si512( (__m512i*)src );
            c = _mm512_add_epi32( a, b );
            _mm512_storeu_si512( (__m512i*)dst, c );
            int i = 0;
            for( i = 0; i < 16; i++ ){
              if( ( src[i] + src[i] ) != dst[i] ){
                return -1;
              }
            }
            return 0;
          }
Performing C++ SOURCE FILE Test HAVE_VISIBILITY_HIDDEN failed with the following output:
Change Dir: /home/FE/pilz/working/srsLTE/debug/CMakeFiles/CMakeTmp

Run Build Command:"/usr/bin/make" "cmTC_0b8df/fast"
/usr/bin/make -f CMakeFiles/cmTC_0b8df.dir/build.make CMakeFiles/cmTC_0b8df.dir/build
make[1]: Entering directory '/home/FE/pilz/working/srsLTE/debug/CMakeFiles/CMakeTmp'
Building CXX object CMakeFiles/cmTC_0b8df.dir/src.cxx.o
/usr/bin/c++     -march=native -Wall -Wno-comment -Wno-reorder -Wno-unused-but-set-variable -Wno-unused-variable -Wformat -Wmissing-field-initializers -Wtype-limits -std=c++03 -mfpmath=sse -mavx2 -DLV_HAVE_AVX2 -DLV_HAVE_AVX -DLV_HAVE_SSE -ggdb -O0 -DDEBUG_MODE -DBUILD_TYPE_DEBUG -DHAVE_VISIBILITY_HIDDEN  -march=native -Wall -Wno-comment -Wno-write-strings -Winline -Wno-unused-result -Wformat -Wmissing-field-initializers -Wtype-limits -std=c99 -D_GNU_SOURCE -ggdb -O0 -DDEBUG_MODE -DBUILD_TYPE_DEBUG -mfpmath=sse -mavx2 -DLV_HAVE_AVX2 -DLV_HAVE_AVX -DLV_HAVE_SSE -mfma -DLV_HAVE_FMA   -fvisibility=hidden -o CMakeFiles/cmTC_0b8df.dir/src.cxx.o -c /home/FE/pilz/working/srsLTE/debug/CMakeFiles/CMakeTmp/src.cxx
cc1plus: warning: command line option '-std=c99' is valid for C/ObjC but not for C++
Linking CXX executable cmTC_0b8df
/usr/bin/cmake -E cmake_link_script CMakeFiles/cmTC_0b8df.dir/link.txt --verbose=1
/usr/bin/c++    -march=native -Wall -Wno-comment -Wno-reorder -Wno-unused-but-set-variable -Wno-unused-variable -Wformat -Wmissing-field-initializers -Wtype-limits -std=c++03 -mfpmath=sse -mavx2 -DLV_HAVE_AVX2 -DLV_HAVE_AVX -DLV_HAVE_SSE -ggdb -O0 -DDEBUG_MODE -DBUILD_TYPE_DEBUG -DHAVE_VISIBILITY_HIDDEN  -march=native -Wall -Wno-comment -Wno-write-strings -Winline -Wno-unused-result -Wformat -Wmissing-field-initializers -Wtype-limits -std=c99 -D_GNU_SOURCE -ggdb -O0 -DDEBUG_MODE -DBUILD_TYPE_DEBUG -mfpmath=sse -mavx2 -DLV_HAVE_AVX2 -DLV_HAVE_AVX -DLV_HAVE_SSE -mfma -DLV_HAVE_FMA    CMakeFiles/cmTC_0b8df.dir/src.cxx.o  -o cmTC_0b8df -rdynamic 
make[1]: Leaving directory '/home/FE/pilz/working/srsLTE/debug/CMakeFiles/CMakeTmp'

Source file was:
int main() { return 0; }
