Determining if the pthread_create exist failed with the following output:
Change Dir: /home/FE/pilz/working/sidelink/build/CMakeFiles/CMakeTmp

Run Build Command:"/usr/bin/make" "cmTC_12278/fast"
/usr/bin/make -f CMakeFiles/cmTC_12278.dir/build.make CMakeFiles/cmTC_12278.dir/build
make[1]: Entering directory '/home/FE/pilz/working/sidelink/build/CMakeFiles/CMakeTmp'
Building C object CMakeFiles/cmTC_12278.dir/CheckSymbolExists.c.o
/usr/bin/cc     -o CMakeFiles/cmTC_12278.dir/CheckSymbolExists.c.o   -c /home/FE/pilz/working/sidelink/build/CMakeFiles/CMakeTmp/CheckSymbolExists.c
Linking C executable cmTC_12278
/usr/bin/cmake -E cmake_link_script CMakeFiles/cmTC_12278.dir/link.txt --verbose=1
/usr/bin/cc       CMakeFiles/cmTC_12278.dir/CheckSymbolExists.c.o  -o cmTC_12278 -rdynamic 
CMakeFiles/cmTC_12278.dir/CheckSymbolExists.c.o: In function `main':
CheckSymbolExists.c:(.text+0x16): undefined reference to `pthread_create'
collect2: error: ld returned 1 exit status
CMakeFiles/cmTC_12278.dir/build.make:97: recipe for target 'cmTC_12278' failed
make[1]: *** [cmTC_12278] Error 1
make[1]: Leaving directory '/home/FE/pilz/working/sidelink/build/CMakeFiles/CMakeTmp'
Makefile:126: recipe for target 'cmTC_12278/fast' failed
make: *** [cmTC_12278/fast] Error 2

File /home/FE/pilz/working/sidelink/build/CMakeFiles/CMakeTmp/CheckSymbolExists.c:
/* */
#include <pthread.h>

int main(int argc, char** argv)
{
  (void)argv;
#ifndef pthread_create
  return ((int*)(&pthread_create))[argc];
#else
  (void)argc;
  return 0;
#endif
}

Determining if the function pthread_create exists in the pthreads failed with the following output:
Change Dir: /home/FE/pilz/working/sidelink/build/CMakeFiles/CMakeTmp

Run Build Command:"/usr/bin/make" "cmTC_4cf7d/fast"
/usr/bin/make -f CMakeFiles/cmTC_4cf7d.dir/build.make CMakeFiles/cmTC_4cf7d.dir/build
make[1]: Entering directory '/home/FE/pilz/working/sidelink/build/CMakeFiles/CMakeTmp'
Building C object CMakeFiles/cmTC_4cf7d.dir/CheckFunctionExists.c.o
/usr/bin/cc    -DCHECK_FUNCTION_EXISTS=pthread_create   -o CMakeFiles/cmTC_4cf7d.dir/CheckFunctionExists.c.o   -c /usr/share/cmake-3.5/Modules/CheckFunctionExists.c
Linking C executable cmTC_4cf7d
/usr/bin/cmake -E cmake_link_script CMakeFiles/cmTC_4cf7d.dir/link.txt --verbose=1
/usr/bin/cc   -DCHECK_FUNCTION_EXISTS=pthread_create    CMakeFiles/cmTC_4cf7d.dir/CheckFunctionExists.c.o  -o cmTC_4cf7d -rdynamic -lpthreads 
/usr/bin/ld: cannot find -lpthreads
collect2: error: ld returned 1 exit status
CMakeFiles/cmTC_4cf7d.dir/build.make:97: recipe for target 'cmTC_4cf7d' failed
make[1]: *** [cmTC_4cf7d] Error 1
make[1]: Leaving directory '/home/FE/pilz/working/sidelink/build/CMakeFiles/CMakeTmp'
Makefile:126: recipe for target 'cmTC_4cf7d/fast' failed
make: *** [cmTC_4cf7d/fast] Error 2


Performing C SOURCE FILE Test HAVE_AVX512 failed with the following output:
Change Dir: /home/FE/pilz/working/sidelink/build/CMakeFiles/CMakeTmp

Run Build Command:"/usr/bin/make" "cmTC_08594/fast"
/usr/bin/make -f CMakeFiles/cmTC_08594.dir/build.make CMakeFiles/cmTC_08594.dir/build
make[1]: Entering directory '/home/FE/pilz/working/sidelink/build/CMakeFiles/CMakeTmp'
Building C object CMakeFiles/cmTC_08594.dir/src.c.o
/usr/bin/cc    -DHAVE_AVX512 -mavx512f -mavx512cd -mavx512bw -mavx512dq -DLV_HAVE_AVX512   -o CMakeFiles/cmTC_08594.dir/src.c.o   -c /home/FE/pilz/working/sidelink/build/CMakeFiles/CMakeTmp/src.c
Linking C executable cmTC_08594
/usr/bin/cmake -E cmake_link_script CMakeFiles/cmTC_08594.dir/link.txt --verbose=1
/usr/bin/cc   -DHAVE_AVX512 -mavx512f -mavx512cd -mavx512bw -mavx512dq -DLV_HAVE_AVX512    CMakeFiles/cmTC_08594.dir/src.c.o  -o cmTC_08594 -rdynamic 
make[1]: Leaving directory '/home/FE/pilz/working/sidelink/build/CMakeFiles/CMakeTmp'

Return value: FAILED_TO_RUN
Source file was:

          #include <immintrin.h>
          int main()
          {
            __m512i a, b, c;
            const int src[16] = { 0x0, 0x1, 0x2, 0x3, 0x4, 0x5, 0x6, 0x7, 0x8 , 0x9, 0xA, 0xB, 0xC, 0xD, 0xE, 0xF};
            int dst[16];
            a =  _mm512_loadu_si512( (__m512i*)src );
            b =  _mm512_loadu_si512( (__m512i*)src );
            c = _mm512_add_epi32( a, b );
            _mm512_storeu_si512( (__m512i*)dst, c );
            int i = 0;
            for( i = 0; i < 16; i++ ){
              if( ( src[i] + src[i] ) != dst[i] ){
                return -1;
              }
            }
            return 0;
          }
Performing C++ SOURCE FILE Test HAVE_VISIBILITY_HIDDEN failed with the following output:
Change Dir: /home/FE/pilz/working/sidelink/build/CMakeFiles/CMakeTmp

Run Build Command:"/usr/bin/make" "cmTC_ec507/fast"
/usr/bin/make -f CMakeFiles/cmTC_ec507.dir/build.make CMakeFiles/cmTC_ec507.dir/build
make[1]: Entering directory '/home/FE/pilz/working/sidelink/build/CMakeFiles/CMakeTmp'
Building CXX object CMakeFiles/cmTC_ec507.dir/src.cxx.o
/usr/bin/c++     -Wall -Wno-comment -Wno-reorder -Wno-unused-but-set-variable -Wno-unused-variable -Wtype-limits -std=c++11 -march=native -mfpmath=sse -mavx2 -DLV_HAVE_AVX2 -DLV_HAVE_AVX -DLV_HAVE_SSE -O3 -fno-trapping-math -fno-math-errno -DBUILD_TYPE_RELEASE -DUSE_GLIBC_IPV6 -DHAVE_VISIBILITY_HIDDEN  -Wall -Wno-comment -Wno-write-strings -Winline -Wno-unused-result -Wformat -Wmissing-field-initializers -Wtype-limits -std=c99 -D_GNU_SOURCE -O3 -fno-trapping-math -fno-math-errno -DBUILD_TYPE_RELEASE -DFORCE_STANDARD_RATE -march=native -mfpmath=sse -mavx2 -DLV_HAVE_AVX2 -DLV_HAVE_AVX -DLV_HAVE_SSE -mfma -DLV_HAVE_FMA -Ofast -funroll-loops   -fvisibility=hidden -o CMakeFiles/cmTC_ec507.dir/src.cxx.o -c /home/FE/pilz/working/sidelink/build/CMakeFiles/CMakeTmp/src.cxx
cc1plus: warning: command line option '-std=c99' is valid for C/ObjC but not for C++
Linking CXX executable cmTC_ec507
/usr/bin/cmake -E cmake_link_script CMakeFiles/cmTC_ec507.dir/link.txt --verbose=1
/usr/bin/c++    -Wall -Wno-comment -Wno-reorder -Wno-unused-but-set-variable -Wno-unused-variable -Wtype-limits -std=c++11 -march=native -mfpmath=sse -mavx2 -DLV_HAVE_AVX2 -DLV_HAVE_AVX -DLV_HAVE_SSE -O3 -fno-trapping-math -fno-math-errno -DBUILD_TYPE_RELEASE -DUSE_GLIBC_IPV6 -DHAVE_VISIBILITY_HIDDEN  -Wall -Wno-comment -Wno-write-strings -Winline -Wno-unused-result -Wformat -Wmissing-field-initializers -Wtype-limits -std=c99 -D_GNU_SOURCE -O3 -fno-trapping-math -fno-math-errno -DBUILD_TYPE_RELEASE -DFORCE_STANDARD_RATE -march=native -mfpmath=sse -mavx2 -DLV_HAVE_AVX2 -DLV_HAVE_AVX -DLV_HAVE_SSE -mfma -DLV_HAVE_FMA -Ofast -funroll-loops    CMakeFiles/cmTC_ec507.dir/src.cxx.o  -o cmTC_ec507 -rdynamic 
make[1]: Leaving directory '/home/FE/pilz/working/sidelink/build/CMakeFiles/CMakeTmp'

Source file was:
int main() { return 0; }
